This is pdfTeX, Version 3.14159265-2.6-1.40.17 (MiKTeX 2.9 64-bit) (preloaded format=pdflatex 2016.7.12)  27 MAY 2019 22:25
entering extended mode
**"C:/Users/N/Documents/Studium/_Codes/Finance/201810 Seperating the asset univ
erse from Cryptocurrencies/Paper/SAUC_103.tex"

("C:/Users/N/Documents/Studium/_Codes/Finance/201810 Seperating the asset unive
rse from Cryptocurrencies/Paper/SAUC_103.tex"
LaTeX2e <2016/03/31> patch level 1
Babel <3.9r> and hyphenation patterns for 75 language(s) loaded.
(elsarticle.cls
Document Class: elsarticle 2018/06/08, 3.0: Elsevier Ltd
\@bls=\dimen102
("C:\Program Files\MiKTeX 2.9\tex\latex\base\article.cls"
Document Class: article 2014/09/29 v1.4h Standard LaTeX document class
("C:\Program Files\MiKTeX 2.9\tex\latex\base\size12.clo"
File: size12.clo 2014/09/29 v1.4h Standard LaTeX file (size option)
)
\c@part=\count79
\c@section=\count80
\c@subsection=\count81
\c@subsubsection=\count82
\c@paragraph=\count83
\c@subparagraph=\count84
\c@figure=\count85
\c@table=\count86
\abovecaptionskip=\skip41
\belowcaptionskip=\skip42
\bibindent=\dimen103
)
("C:\Program Files\MiKTeX 2.9\tex\latex\graphics\graphicx.sty"
Package: graphicx 2014/10/28 v1.0g Enhanced LaTeX Graphics (DPC,SPQR)

("C:\Program Files\MiKTeX 2.9\tex\latex\graphics\keyval.sty"
Package: keyval 2014/10/28 v1.15 key=value parser (DPC)
\KV@toks@=\toks14
)
("C:\Program Files\MiKTeX 2.9\tex\latex\graphics\graphics.sty"
Package: graphics 2016/06/02 v1.0s Standard LaTeX Graphics (DPC,SPQR)

("C:\Program Files\MiKTeX 2.9\tex\latex\graphics\trig.sty"
Package: trig 2016/01/03 v1.10 sin cos tan (DPC)
)
("C:\Program Files\MiKTeX 2.9\tex\latex\00miktex\graphics.cfg"
File: graphics.cfg 2016/06/04 v1.11 sample graphics configuration
)
Package graphics Info: Driver file: pdftex.def on input line 99.

("C:\Program Files\MiKTeX 2.9\tex\latex\pdftex-def\pdftex.def"
File: pdftex.def 2016/06/17 v0.06h Graphics/color for pdfTeX

("C:\Program Files\MiKTeX 2.9\tex\generic\oberdiek\infwarerr.sty"
Package: infwarerr 2016/05/16 v1.4 Providing info/warning/error messages (HO)
)
("C:\Program Files\MiKTeX 2.9\tex\generic\oberdiek\ltxcmds.sty"
Package: ltxcmds 2016/05/16 v1.23 LaTeX kernel commands for general use (HO)
)
\Gread@gobject=\count87
))
\Gin@req@height=\dimen104
\Gin@req@width=\dimen105
)
\c@tnote=\count88
\c@fnote=\count89
\c@cnote=\count90
\c@ead=\count91
\c@author=\count92
\@eadauthor=\toks15
\c@affn=\count93
\absbox=\box26
\keybox=\box27
\Columnwidth=\dimen106
\space@left=\dimen107
\els@boxa=\box28
\els@boxb=\box29
\leftMargin=\dimen108
\@enLab=\toks16
\@sep=\skip43
\@@sep=\skip44

(SAUC_103.spl)
(C:\Users\N\AppData\Roaming\MiKTeX\2.9\tex\latex\natbib\natbib.sty
Package: natbib 2010/09/13 8.31b (PWD, AO)
\bibhang=\skip45
\bibsep=\skip46
LaTeX Info: Redefining \cite on input line 694.
\c@NAT@ctr=\count94
)
\splwrite=\write3
\openout3 = `SAUC_103.spl'.

\appnamewidth=\dimen109
)
("C:\Program Files\MiKTeX 2.9\tex\latex\geometry\geometry.sty"
Package: geometry 2010/09/12 v5.6 Page Geometry

("C:\Program Files\MiKTeX 2.9\tex\generic\oberdiek\ifpdf.sty"
Package: ifpdf 2016/05/14 v3.1 Provides the ifpdf switch
)
("C:\Program Files\MiKTeX 2.9\tex\generic\oberdiek\ifvtex.sty"
Package: ifvtex 2016/05/16 v1.6 Detect VTeX and its facilities (HO)
Package ifvtex Info: VTeX not detected.
)
("C:\Program Files\MiKTeX 2.9\tex\generic\ifxetex\ifxetex.sty"
Package: ifxetex 2010/09/12 v0.6 Provides ifxetex conditional
)
\Gm@cnth=\count95
\Gm@cntv=\count96
\c@Gm@tempcnt=\count97
\Gm@bindingoffset=\dimen110
\Gm@wd@mp=\dimen111
\Gm@odd@mp=\dimen112
\Gm@even@mp=\dimen113
\Gm@layoutwidth=\dimen114
\Gm@layoutheight=\dimen115
\Gm@layouthoffset=\dimen116
\Gm@layoutvoffset=\dimen117
\Gm@dimlist=\toks17

("C:\Program Files\MiKTeX 2.9\tex\latex\geometry\geometry.cfg"))
("C:\Program Files\MiKTeX 2.9\tex\latex\amsmath\amsmath.sty"
Package: amsmath 2016/03/10 v2.15b AMS math features
\@mathmargin=\skip47

For additional information on amsmath, use the `?' option.
("C:\Program Files\MiKTeX 2.9\tex\latex\amsmath\amstext.sty"
Package: amstext 2000/06/29 v2.01 AMS text

("C:\Program Files\MiKTeX 2.9\tex\latex\amsmath\amsgen.sty"
File: amsgen.sty 1999/11/30 v2.0 generic functions
\@emptytoks=\toks18
\ex@=\dimen118
))
("C:\Program Files\MiKTeX 2.9\tex\latex\amsmath\amsbsy.sty"
Package: amsbsy 1999/11/29 v1.2d Bold Symbols
\pmbraise@=\dimen119
)
("C:\Program Files\MiKTeX 2.9\tex\latex\amsmath\amsopn.sty"
Package: amsopn 2016/03/08 v2.02 operator names
)
\inf@bad=\count98
LaTeX Info: Redefining \frac on input line 199.
\uproot@=\count99
\leftroot@=\count100
LaTeX Info: Redefining \overline on input line 297.
\classnum@=\count101
\DOTSCASE@=\count102
LaTeX Info: Redefining \ldots on input line 394.
LaTeX Info: Redefining \dots on input line 397.
LaTeX Info: Redefining \cdots on input line 518.
\Mathstrutbox@=\box30
\strutbox@=\box31
\big@size=\dimen120
LaTeX Font Info:    Redeclaring font encoding OML on input line 634.
LaTeX Font Info:    Redeclaring font encoding OMS on input line 635.
\macc@depth=\count103
\c@MaxMatrixCols=\count104
\dotsspace@=\muskip10
\c@parentequation=\count105
\dspbrk@lvl=\count106
\tag@help=\toks19
\row@=\count107
\column@=\count108
\maxfields@=\count109
\andhelp@=\toks20
\eqnshift@=\dimen121
\alignsep@=\dimen122
\tagshift@=\dimen123
\tagwidth@=\dimen124
\totwidth@=\dimen125
\lineht@=\dimen126
\@envbody=\toks21
\multlinegap=\skip48
\multlinetaggap=\skip49
\mathdisplay@stack=\toks22
LaTeX Info: Redefining \[ on input line 2739.
LaTeX Info: Redefining \] on input line 2740.
)
("C:\Program Files\MiKTeX 2.9\tex\latex\amscls\amsthm.sty"
Package: amsthm 2015/03/04 v2.20.2
\thm@style=\toks23
\thm@bodyfont=\toks24
\thm@headfont=\toks25
\thm@notefont=\toks26
\thm@headpunct=\toks27
\thm@preskip=\skip50
\thm@postskip=\skip51
\thm@headsep=\skip52
\dth@everypar=\toks28
LaTeX Info: Redefining \qed on input line 264.
)
("C:\Program Files\MiKTeX 2.9\tex\latex\amsfonts\amssymb.sty"
Package: amssymb 2013/01/14 v3.01 AMS font symbols

("C:\Program Files\MiKTeX 2.9\tex\latex\amsfonts\amsfonts.sty"
Package: amsfonts 2013/01/14 v3.01 Basic AMSFonts support
\symAMSa=\mathgroup4
\symAMSb=\mathgroup5
LaTeX Font Info:    Overwriting math alphabet `\mathfrak' in version `bold'
(Font)                  U/euf/m/n --> U/euf/b/n on input line 106.
))
("C:\Program Files\MiKTeX 2.9\tex\latex\jknappen\mathrsfs.sty"
Package: mathrsfs 1996/01/01 Math RSFS package v1.0 (jk)
\symrsfs=\mathgroup6
)
("C:\Program Files\MiKTeX 2.9\tex\latex\tools\array.sty"
Package: array 2014/10/28 v2.4c Tabular extension package (FMi)
\col@sep=\dimen127
\extrarowheight=\dimen128
\NC@list=\toks29
\extratabsurround=\skip53
\backup@length=\skip54
)
("C:\Program Files\MiKTeX 2.9\tex\latex\base\textcomp.sty"
Package: textcomp 2005/09/27 v1.99g Standard LaTeX package
Package textcomp Info: Sub-encoding information:
(textcomp)               5 = only ISO-Adobe without \textcurrency
(textcomp)               4 = 5 + \texteuro
(textcomp)               3 = 4 + \textohm
(textcomp)               2 = 3 + \textestimated + \textcurrency
(textcomp)               1 = TS1 - \textcircled - \t
(textcomp)               0 = TS1 (full)
(textcomp)             Font families with sub-encoding setting implement
(textcomp)             only a restricted character set as indicated.
(textcomp)             Family '?' is the default used for unknown fonts.
(textcomp)             See the documentation for details.
Package textcomp Info: Setting ? sub-encoding to TS1/1 on input line 79.

("C:\Program Files\MiKTeX 2.9\tex\latex\base\ts1enc.def"
File: ts1enc.def 2001/06/05 v3.0e (jk/car/fm) Standard LaTeX file
)
LaTeX Info: Redefining \oldstylenums on input line 334.
Package textcomp Info: Setting cmr sub-encoding to TS1/0 on input line 349.
Package textcomp Info: Setting cmss sub-encoding to TS1/0 on input line 350.
Package textcomp Info: Setting cmtt sub-encoding to TS1/0 on input line 351.
Package textcomp Info: Setting cmvtt sub-encoding to TS1/0 on input line 352.
Package textcomp Info: Setting cmbr sub-encoding to TS1/0 on input line 353.
Package textcomp Info: Setting cmtl sub-encoding to TS1/0 on input line 354.
Package textcomp Info: Setting ccr sub-encoding to TS1/0 on input line 355.
Package textcomp Info: Setting ptm sub-encoding to TS1/4 on input line 356.
Package textcomp Info: Setting pcr sub-encoding to TS1/4 on input line 357.
Package textcomp Info: Setting phv sub-encoding to TS1/4 on input line 358.
Package textcomp Info: Setting ppl sub-encoding to TS1/3 on input line 359.
Package textcomp Info: Setting pag sub-encoding to TS1/4 on input line 360.
Package textcomp Info: Setting pbk sub-encoding to TS1/4 on input line 361.
Package textcomp Info: Setting pnc sub-encoding to TS1/4 on input line 362.
Package textcomp Info: Setting pzc sub-encoding to TS1/4 on input line 363.
Package textcomp Info: Setting bch sub-encoding to TS1/4 on input line 364.
Package textcomp Info: Setting put sub-encoding to TS1/5 on input line 365.
Package textcomp Info: Setting uag sub-encoding to TS1/5 on input line 366.
Package textcomp Info: Setting ugq sub-encoding to TS1/5 on input line 367.
Package textcomp Info: Setting ul8 sub-encoding to TS1/4 on input line 368.
Package textcomp Info: Setting ul9 sub-encoding to TS1/4 on input line 369.
Package textcomp Info: Setting augie sub-encoding to TS1/5 on input line 370.
Package textcomp Info: Setting dayrom sub-encoding to TS1/3 on input line 371.
Package textcomp Info: Setting dayroms sub-encoding to TS1/3 on input line 372.

Package textcomp Info: Setting pxr sub-encoding to TS1/0 on input line 373.
Package textcomp Info: Setting pxss sub-encoding to TS1/0 on input line 374.
Package textcomp Info: Setting pxtt sub-encoding to TS1/0 on input line 375.
Package textcomp Info: Setting txr sub-encoding to TS1/0 on input line 376.
Package textcomp Info: Setting txss sub-encoding to TS1/0 on input line 377.
Package textcomp Info: Setting txtt sub-encoding to TS1/0 on input line 378.
Package textcomp Info: Setting lmr sub-encoding to TS1/0 on input line 379.
Package textcomp Info: Setting lmdh sub-encoding to TS1/0 on input line 380.
Package textcomp Info: Setting lmss sub-encoding to TS1/0 on input line 381.
Package textcomp Info: Setting lmssq sub-encoding to TS1/0 on input line 382.
Package textcomp Info: Setting lmvtt sub-encoding to TS1/0 on input line 383.
Package textcomp Info: Setting lmtt sub-encoding to TS1/0 on input line 384.
Package textcomp Info: Setting qhv sub-encoding to TS1/0 on input line 385.
Package textcomp Info: Setting qag sub-encoding to TS1/0 on input line 386.
Package textcomp Info: Setting qbk sub-encoding to TS1/0 on input line 387.
Package textcomp Info: Setting qcr sub-encoding to TS1/0 on input line 388.
Package textcomp Info: Setting qcs sub-encoding to TS1/0 on input line 389.
Package textcomp Info: Setting qpl sub-encoding to TS1/0 on input line 390.
Package textcomp Info: Setting qtm sub-encoding to TS1/0 on input line 391.
Package textcomp Info: Setting qzc sub-encoding to TS1/0 on input line 392.
Package textcomp Info: Setting qhvc sub-encoding to TS1/0 on input line 393.
Package textcomp Info: Setting futs sub-encoding to TS1/4 on input line 394.
Package textcomp Info: Setting futx sub-encoding to TS1/4 on input line 395.
Package textcomp Info: Setting futj sub-encoding to TS1/4 on input line 396.
Package textcomp Info: Setting hlh sub-encoding to TS1/3 on input line 397.
Package textcomp Info: Setting hls sub-encoding to TS1/3 on input line 398.
Package textcomp Info: Setting hlst sub-encoding to TS1/3 on input line 399.
Package textcomp Info: Setting hlct sub-encoding to TS1/5 on input line 400.
Package textcomp Info: Setting hlx sub-encoding to TS1/5 on input line 401.
Package textcomp Info: Setting hlce sub-encoding to TS1/5 on input line 402.
Package textcomp Info: Setting hlcn sub-encoding to TS1/5 on input line 403.
Package textcomp Info: Setting hlcw sub-encoding to TS1/5 on input line 404.
Package textcomp Info: Setting hlcf sub-encoding to TS1/5 on input line 405.
Package textcomp Info: Setting pplx sub-encoding to TS1/3 on input line 406.
Package textcomp Info: Setting pplj sub-encoding to TS1/3 on input line 407.
Package textcomp Info: Setting ptmx sub-encoding to TS1/4 on input line 408.
Package textcomp Info: Setting ptmj sub-encoding to TS1/4 on input line 409.
)
("C:\Program Files\MiKTeX 2.9\tex\latex\graphics\rotating.sty"
Package: rotating 2016/05/22 v2.16c rotated objects in LaTeX

("C:\Program Files\MiKTeX 2.9\tex\latex\base\ifthen.sty"
Package: ifthen 2014/09/29 v1.1c Standard LaTeX ifthen package (DPC)
)
\c@r@tfl@t=\count110
\rotFPtop=\skip55
\rotFPbot=\skip56
\rot@float@box=\box32
\rot@mess@toks=\toks30
)
(C:\Users\N\AppData\Roaming\MiKTeX\2.9\tex\latex\xtab\xtab.sty
Package: xtab 2011/07/31 v2.3f Extended supertabular package
\c@tracingst=\count111
\PWSTcapht=\dimen129
\ST@wd=\dimen130
\ST@rightskip=\skip57
\ST@leftskip=\skip58
\ST@parfillskip=\skip59
\c@PWSTtable=\count112
\PWSTlastpage=\count113
\PWSTpenultimate=\count114
\PWSTcurpage=\count115
\PWSTtempc=\count116
\PWSTlines=\count117
\PWST@lastht=\dimen131
\PWST@generalht=\dimen132
\PWST@ht=\dimen133
\ST@pageleft=\dimen134
\ST@headht=\dimen135
\ST@tailht=\dimen136
\ST@pagesofar=\dimen137
\ST@pboxht=\dimen138
\ST@lineht=\dimen139
\ST@stretchht=\dimen140
\ST@prevht=\dimen141
\ST@toadd=\dimen142
\ST@dimen=\dimen143
\ST@pbox=\box33
)
(C:\Users\N\AppData\Roaming\MiKTeX\2.9\tex\latex\caption\subcaption.sty
Package: subcaption 2016/05/22 v1.1-161 Sub-captions (AR)

(C:\Users\N\AppData\Roaming\MiKTeX\2.9\tex\latex\caption\caption.sty
Package: caption 2016/02/21 v3.3-144 Customizing captions (AR)

(C:\Users\N\AppData\Roaming\MiKTeX\2.9\tex\latex\caption\caption3.sty
Package: caption3 2016/05/22 v1.7-166 caption3 kernel (AR)
Package caption3 Info: TeX engine: e-TeX on input line 67.
\captionmargin=\dimen144
\captionmargin@=\dimen145
\captionwidth=\dimen146
\caption@tempdima=\dimen147
\caption@indent=\dimen148
\caption@parindent=\dimen149
\caption@hangindent=\dimen150
)
\c@ContinuedFloat=\count118
Package caption Info: rotating package is loaded.
Package caption Info: xtab package is loaded.
)
\c@subfigure=\count119
\c@subtable=\count120
)
(C:\Users\N\AppData\Roaming\MiKTeX\2.9\tex\latex\titlesec\titlesec.sty
Package: titlesec 2016/03/21 v2.10.2 Sectioning titles
\ttl@box=\box34
\beforetitleunit=\skip60
\aftertitleunit=\skip61
\ttl@plus=\dimen151
\ttl@minus=\dimen152
\ttl@toksa=\toks31
\titlewidth=\dimen153
\titlewidthlast=\dimen154
\titlewidthfirst=\dimen155


Package titlesec Warning: Non standard sectioning command detected
(titlesec)                Using default spacing and no format.

) (C:\Users\N\AppData\Roaming\MiKTeX\2.9\tex\latex\url\url.sty
\Urlmuskip=\muskip11
Package: url 2013/09/16  ver 3.4  Verb mode for urls, etc.
)
("C:\Program Files\MiKTeX 2.9\tex\latex\base\inputenc.sty"
Package: inputenc 2015/03/17 v1.2c Input encoding file
\inpenc@prehook=\toks32
\inpenc@posthook=\toks33

("C:\Program Files\MiKTeX 2.9\tex\latex\base\utf8.def"
File: utf8.def 2016/02/28 v1.1s UTF-8 support for inputenc
Now handling font encoding OML ...
... no UTF-8 mapping file for font encoding OML
Now handling font encoding T1 ...
... processing UTF-8 mapping file for font encoding T1

("C:\Program Files\MiKTeX 2.9\tex\latex\base\t1enc.dfu"
File: t1enc.dfu 2016/02/28 v1.1s UTF-8 support for inputenc
   defining Unicode char U+00A0 (decimal 160)
   defining Unicode char U+00A1 (decimal 161)
   defining Unicode char U+00A3 (decimal 163)
   defining Unicode char U+00AB (decimal 171)
   defining Unicode char U+00AD (decimal 173)
   defining Unicode char U+00BB (decimal 187)
   defining Unicode char U+00BF (decimal 191)
   defining Unicode char U+00C0 (decimal 192)
   defining Unicode char U+00C1 (decimal 193)
   defining Unicode char U+00C2 (decimal 194)
   defining Unicode char U+00C3 (decimal 195)
   defining Unicode char U+00C4 (decimal 196)
   defining Unicode char U+00C5 (decimal 197)
   defining Unicode char U+00C6 (decimal 198)
   defining Unicode char U+00C7 (decimal 199)
   defining Unicode char U+00C8 (decimal 200)
   defining Unicode char U+00C9 (decimal 201)
   defining Unicode char U+00CA (decimal 202)
   defining Unicode char U+00CB (decimal 203)
   defining Unicode char U+00CC (decimal 204)
   defining Unicode char U+00CD (decimal 205)
   defining Unicode char U+00CE (decimal 206)
   defining Unicode char U+00CF (decimal 207)
   defining Unicode char U+00D0 (decimal 208)
   defining Unicode char U+00D1 (decimal 209)
   defining Unicode char U+00D2 (decimal 210)
   defining Unicode char U+00D3 (decimal 211)
   defining Unicode char U+00D4 (decimal 212)
   defining Unicode char U+00D5 (decimal 213)
   defining Unicode char U+00D6 (decimal 214)
   defining Unicode char U+00D8 (decimal 216)
   defining Unicode char U+00D9 (decimal 217)
   defining Unicode char U+00DA (decimal 218)
   defining Unicode char U+00DB (decimal 219)
   defining Unicode char U+00DC (decimal 220)
   defining Unicode char U+00DD (decimal 221)
   defining Unicode char U+00DE (decimal 222)
   defining Unicode char U+00DF (decimal 223)
   defining Unicode char U+00E0 (decimal 224)
   defining Unicode char U+00E1 (decimal 225)
   defining Unicode char U+00E2 (decimal 226)
   defining Unicode char U+00E3 (decimal 227)
   defining Unicode char U+00E4 (decimal 228)
   defining Unicode char U+00E5 (decimal 229)
   defining Unicode char U+00E6 (decimal 230)
   defining Unicode char U+00E7 (decimal 231)
   defining Unicode char U+00E8 (decimal 232)
   defining Unicode char U+00E9 (decimal 233)
   defining Unicode char U+00EA (decimal 234)
   defining Unicode char U+00EB (decimal 235)
   defining Unicode char U+00EC (decimal 236)
   defining Unicode char U+00ED (decimal 237)
   defining Unicode char U+00EE (decimal 238)
   defining Unicode char U+00EF (decimal 239)
   defining Unicode char U+00F0 (decimal 240)
   defining Unicode char U+00F1 (decimal 241)
   defining Unicode char U+00F2 (decimal 242)
   defining Unicode char U+00F3 (decimal 243)
   defining Unicode char U+00F4 (decimal 244)
   defining Unicode char U+00F5 (decimal 245)
   defining Unicode char U+00F6 (decimal 246)
   defining Unicode char U+00F8 (decimal 248)
   defining Unicode char U+00F9 (decimal 249)
   defining Unicode char U+00FA (decimal 250)
   defining Unicode char U+00FB (decimal 251)
   defining Unicode char U+00FC (decimal 252)
   defining Unicode char U+00FD (decimal 253)
   defining Unicode char U+00FE (decimal 254)
   defining Unicode char U+00FF (decimal 255)
   defining Unicode char U+0100 (decimal 256)
   defining Unicode char U+0101 (decimal 257)
   defining Unicode char U+0102 (decimal 258)
   defining Unicode char U+0103 (decimal 259)
   defining Unicode char U+0104 (decimal 260)
   defining Unicode char U+0105 (decimal 261)
   defining Unicode char U+0106 (decimal 262)
   defining Unicode char U+0107 (decimal 263)
   defining Unicode char U+0108 (decimal 264)
   defining Unicode char U+0109 (decimal 265)
   defining Unicode char U+010A (decimal 266)
   defining Unicode char U+010B (decimal 267)
   defining Unicode char U+010C (decimal 268)
   defining Unicode char U+010D (decimal 269)
   defining Unicode char U+010E (decimal 270)
   defining Unicode char U+010F (decimal 271)
   defining Unicode char U+0110 (decimal 272)
   defining Unicode char U+0111 (decimal 273)
   defining Unicode char U+0112 (decimal 274)
   defining Unicode char U+0113 (decimal 275)
   defining Unicode char U+0114 (decimal 276)
   defining Unicode char U+0115 (decimal 277)
   defining Unicode char U+0116 (decimal 278)
   defining Unicode char U+0117 (decimal 279)
   defining Unicode char U+0118 (decimal 280)
   defining Unicode char U+0119 (decimal 281)
   defining Unicode char U+011A (decimal 282)
   defining Unicode char U+011B (decimal 283)
   defining Unicode char U+011C (decimal 284)
   defining Unicode char U+011D (decimal 285)
   defining Unicode char U+011E (decimal 286)
   defining Unicode char U+011F (decimal 287)
   defining Unicode char U+0120 (decimal 288)
   defining Unicode char U+0121 (decimal 289)
   defining Unicode char U+0122 (decimal 290)
   defining Unicode char U+0123 (decimal 291)
   defining Unicode char U+0124 (decimal 292)
   defining Unicode char U+0125 (decimal 293)
   defining Unicode char U+0128 (decimal 296)
   defining Unicode char U+0129 (decimal 297)
   defining Unicode char U+012A (decimal 298)
   defining Unicode char U+012B (decimal 299)
   defining Unicode char U+012C (decimal 300)
   defining Unicode char U+012D (decimal 301)
   defining Unicode char U+012E (decimal 302)
   defining Unicode char U+012F (decimal 303)
   defining Unicode char U+0130 (decimal 304)
   defining Unicode char U+0131 (decimal 305)
   defining Unicode char U+0132 (decimal 306)
   defining Unicode char U+0133 (decimal 307)
   defining Unicode char U+0134 (decimal 308)
   defining Unicode char U+0135 (decimal 309)
   defining Unicode char U+0136 (decimal 310)
   defining Unicode char U+0137 (decimal 311)
   defining Unicode char U+0139 (decimal 313)
   defining Unicode char U+013A (decimal 314)
   defining Unicode char U+013B (decimal 315)
   defining Unicode char U+013C (decimal 316)
   defining Unicode char U+013D (decimal 317)
   defining Unicode char U+013E (decimal 318)
   defining Unicode char U+0141 (decimal 321)
   defining Unicode char U+0142 (decimal 322)
   defining Unicode char U+0143 (decimal 323)
   defining Unicode char U+0144 (decimal 324)
   defining Unicode char U+0145 (decimal 325)
   defining Unicode char U+0146 (decimal 326)
   defining Unicode char U+0147 (decimal 327)
   defining Unicode char U+0148 (decimal 328)
   defining Unicode char U+014A (decimal 330)
   defining Unicode char U+014B (decimal 331)
   defining Unicode char U+014C (decimal 332)
   defining Unicode char U+014D (decimal 333)
   defining Unicode char U+014E (decimal 334)
   defining Unicode char U+014F (decimal 335)
   defining Unicode char U+0150 (decimal 336)
   defining Unicode char U+0151 (decimal 337)
   defining Unicode char U+0152 (decimal 338)
   defining Unicode char U+0153 (decimal 339)
   defining Unicode char U+0154 (decimal 340)
   defining Unicode char U+0155 (decimal 341)
   defining Unicode char U+0156 (decimal 342)
   defining Unicode char U+0157 (decimal 343)
   defining Unicode char U+0158 (decimal 344)
   defining Unicode char U+0159 (decimal 345)
   defining Unicode char U+015A (decimal 346)
   defining Unicode char U+015B (decimal 347)
   defining Unicode char U+015C (decimal 348)
   defining Unicode char U+015D (decimal 349)
   defining Unicode char U+015E (decimal 350)
   defining Unicode char U+015F (decimal 351)
   defining Unicode char U+0160 (decimal 352)
   defining Unicode char U+0161 (decimal 353)
   defining Unicode char U+0162 (decimal 354)
   defining Unicode char U+0163 (decimal 355)
   defining Unicode char U+0164 (decimal 356)
   defining Unicode char U+0165 (decimal 357)
   defining Unicode char U+0168 (decimal 360)
   defining Unicode char U+0169 (decimal 361)
   defining Unicode char U+016A (decimal 362)
   defining Unicode char U+016B (decimal 363)
   defining Unicode char U+016C (decimal 364)
   defining Unicode char U+016D (decimal 365)
   defining Unicode char U+016E (decimal 366)
   defining Unicode char U+016F (decimal 367)
   defining Unicode char U+0170 (decimal 368)
   defining Unicode char U+0171 (decimal 369)
   defining Unicode char U+0172 (decimal 370)
   defining Unicode char U+0173 (decimal 371)
   defining Unicode char U+0174 (decimal 372)
   defining Unicode char U+0175 (decimal 373)
   defining Unicode char U+0176 (decimal 374)
   defining Unicode char U+0177 (decimal 375)
   defining Unicode char U+0178 (decimal 376)
   defining Unicode char U+0179 (decimal 377)
   defining Unicode char U+017A (decimal 378)
   defining Unicode char U+017B (decimal 379)
   defining Unicode char U+017C (decimal 380)
   defining Unicode char U+017D (decimal 381)
   defining Unicode char U+017E (decimal 382)
   defining Unicode char U+01CD (decimal 461)
   defining Unicode char U+01CE (decimal 462)
   defining Unicode char U+01CF (decimal 463)
   defining Unicode char U+01D0 (decimal 464)
   defining Unicode char U+01D1 (decimal 465)
   defining Unicode char U+01D2 (decimal 466)
   defining Unicode char U+01D3 (decimal 467)
   defining Unicode char U+01D4 (decimal 468)
   defining Unicode char U+01E2 (decimal 482)
   defining Unicode char U+01E3 (decimal 483)
   defining Unicode char U+01E6 (decimal 486)
   defining Unicode char U+01E7 (decimal 487)
   defining Unicode char U+01E8 (decimal 488)
   defining Unicode char U+01E9 (decimal 489)
   defining Unicode char U+01EA (decimal 490)
   defining Unicode char U+01EB (decimal 491)
   defining Unicode char U+01F0 (decimal 496)
   defining Unicode char U+01F4 (decimal 500)
   defining Unicode char U+01F5 (decimal 501)
   defining Unicode char U+0218 (decimal 536)
   defining Unicode char U+0219 (decimal 537)
   defining Unicode char U+021A (decimal 538)
   defining Unicode char U+021B (decimal 539)
   defining Unicode char U+1E02 (decimal 7682)
   defining Unicode char U+1E03 (decimal 7683)
   defining Unicode char U+200C (decimal 8204)
   defining Unicode char U+2010 (decimal 8208)
   defining Unicode char U+2011 (decimal 8209)
   defining Unicode char U+2012 (decimal 8210)
   defining Unicode char U+2013 (decimal 8211)
   defining Unicode char U+2014 (decimal 8212)
   defining Unicode char U+2015 (decimal 8213)
   defining Unicode char U+2018 (decimal 8216)
   defining Unicode char U+2019 (decimal 8217)
   defining Unicode char U+201A (decimal 8218)
   defining Unicode char U+201C (decimal 8220)
   defining Unicode char U+201D (decimal 8221)
   defining Unicode char U+201E (decimal 8222)
   defining Unicode char U+2030 (decimal 8240)
   defining Unicode char U+2031 (decimal 8241)
   defining Unicode char U+2039 (decimal 8249)
   defining Unicode char U+203A (decimal 8250)
   defining Unicode char U+2423 (decimal 9251)
)
Now handling font encoding OT1 ...
... processing UTF-8 mapping file for font encoding OT1

("C:\Program Files\MiKTeX 2.9\tex\latex\base\ot1enc.dfu"
File: ot1enc.dfu 2016/02/28 v1.1s UTF-8 support for inputenc
   defining Unicode char U+00A0 (decimal 160)
   defining Unicode char U+00A1 (decimal 161)
   defining Unicode char U+00A3 (decimal 163)
   defining Unicode char U+00AD (decimal 173)
   defining Unicode char U+00B8 (decimal 184)
   defining Unicode char U+00BF (decimal 191)
   defining Unicode char U+00C5 (decimal 197)
   defining Unicode char U+00C6 (decimal 198)
   defining Unicode char U+00D8 (decimal 216)
   defining Unicode char U+00DF (decimal 223)
   defining Unicode char U+00E6 (decimal 230)
   defining Unicode char U+00EC (decimal 236)
   defining Unicode char U+00ED (decimal 237)
   defining Unicode char U+00EE (decimal 238)
   defining Unicode char U+00EF (decimal 239)
   defining Unicode char U+00F8 (decimal 248)
   defining Unicode char U+0131 (decimal 305)
   defining Unicode char U+0141 (decimal 321)
   defining Unicode char U+0142 (decimal 322)
   defining Unicode char U+0152 (decimal 338)
   defining Unicode char U+0153 (decimal 339)
   defining Unicode char U+0174 (decimal 372)
   defining Unicode char U+0175 (decimal 373)
   defining Unicode char U+0176 (decimal 374)
   defining Unicode char U+0177 (decimal 375)
   defining Unicode char U+0218 (decimal 536)
   defining Unicode char U+0219 (decimal 537)
   defining Unicode char U+021A (decimal 538)
   defining Unicode char U+021B (decimal 539)
   defining Unicode char U+2013 (decimal 8211)
   defining Unicode char U+2014 (decimal 8212)
   defining Unicode char U+2018 (decimal 8216)
   defining Unicode char U+2019 (decimal 8217)
   defining Unicode char U+201C (decimal 8220)
   defining Unicode char U+201D (decimal 8221)
)
Now handling font encoding OMS ...
... processing UTF-8 mapping file for font encoding OMS

("C:\Program Files\MiKTeX 2.9\tex\latex\base\omsenc.dfu"
File: omsenc.dfu 2016/02/28 v1.1s UTF-8 support for inputenc
   defining Unicode char U+00A7 (decimal 167)
   defining Unicode char U+00B6 (decimal 182)
   defining Unicode char U+00B7 (decimal 183)
   defining Unicode char U+2020 (decimal 8224)
   defining Unicode char U+2021 (decimal 8225)
   defining Unicode char U+2022 (decimal 8226)
)
Now handling font encoding OMX ...
... no UTF-8 mapping file for font encoding OMX
Now handling font encoding U ...
... no UTF-8 mapping file for font encoding U
Now handling font encoding TS1 ...
... processing UTF-8 mapping file for font encoding TS1

("C:\Program Files\MiKTeX 2.9\tex\latex\base\ts1enc.dfu"
File: ts1enc.dfu 2016/02/28 v1.1s UTF-8 support for inputenc
   defining Unicode char U+00A2 (decimal 162)
   defining Unicode char U+00A3 (decimal 163)
   defining Unicode char U+00A4 (decimal 164)
   defining Unicode char U+00A5 (decimal 165)
   defining Unicode char U+00A6 (decimal 166)
   defining Unicode char U+00A7 (decimal 167)
   defining Unicode char U+00A8 (decimal 168)
   defining Unicode char U+00A9 (decimal 169)
   defining Unicode char U+00AA (decimal 170)
   defining Unicode char U+00AC (decimal 172)
   defining Unicode char U+00AE (decimal 174)
   defining Unicode char U+00AF (decimal 175)
   defining Unicode char U+00B0 (decimal 176)
   defining Unicode char U+00B1 (decimal 177)
   defining Unicode char U+00B2 (decimal 178)
   defining Unicode char U+00B3 (decimal 179)
   defining Unicode char U+00B4 (decimal 180)
   defining Unicode char U+00B5 (decimal 181)
   defining Unicode char U+00B6 (decimal 182)
   defining Unicode char U+00B7 (decimal 183)
   defining Unicode char U+00B9 (decimal 185)
   defining Unicode char U+00BA (decimal 186)
   defining Unicode char U+00BC (decimal 188)
   defining Unicode char U+00BD (decimal 189)
   defining Unicode char U+00BE (decimal 190)
   defining Unicode char U+00D7 (decimal 215)
   defining Unicode char U+00F7 (decimal 247)
   defining Unicode char U+0192 (decimal 402)
   defining Unicode char U+02C7 (decimal 711)
   defining Unicode char U+02D8 (decimal 728)
   defining Unicode char U+02DD (decimal 733)
   defining Unicode char U+0E3F (decimal 3647)
   defining Unicode char U+2016 (decimal 8214)
   defining Unicode char U+2020 (decimal 8224)
   defining Unicode char U+2021 (decimal 8225)
   defining Unicode char U+2022 (decimal 8226)
   defining Unicode char U+2030 (decimal 8240)
   defining Unicode char U+2031 (decimal 8241)
   defining Unicode char U+203B (decimal 8251)
   defining Unicode char U+203D (decimal 8253)
   defining Unicode char U+2044 (decimal 8260)
   defining Unicode char U+204E (decimal 8270)
   defining Unicode char U+2052 (decimal 8274)
   defining Unicode char U+20A1 (decimal 8353)
   defining Unicode char U+20A4 (decimal 8356)
   defining Unicode char U+20A6 (decimal 8358)
   defining Unicode char U+20A9 (decimal 8361)
   defining Unicode char U+20AB (decimal 8363)
   defining Unicode char U+20AC (decimal 8364)
   defining Unicode char U+20B1 (decimal 8369)
   defining Unicode char U+2103 (decimal 8451)
   defining Unicode char U+2116 (decimal 8470)
   defining Unicode char U+2117 (decimal 8471)
   defining Unicode char U+211E (decimal 8478)
   defining Unicode char U+2120 (decimal 8480)
   defining Unicode char U+2122 (decimal 8482)
   defining Unicode char U+2126 (decimal 8486)
   defining Unicode char U+2127 (decimal 8487)
   defining Unicode char U+212E (decimal 8494)
   defining Unicode char U+2190 (decimal 8592)
   defining Unicode char U+2191 (decimal 8593)
   defining Unicode char U+2192 (decimal 8594)
   defining Unicode char U+2193 (decimal 8595)
   defining Unicode char U+2329 (decimal 9001)
   defining Unicode char U+232A (decimal 9002)
   defining Unicode char U+2422 (decimal 9250)
   defining Unicode char U+25E6 (decimal 9702)
   defining Unicode char U+25EF (decimal 9711)
   defining Unicode char U+266A (decimal 9834)
)
   defining Unicode char U+00A9 (decimal 169)
   defining Unicode char U+00AA (decimal 170)
   defining Unicode char U+00AE (decimal 174)
   defining Unicode char U+00BA (decimal 186)
   defining Unicode char U+02C6 (decimal 710)
   defining Unicode char U+02DC (decimal 732)
   defining Unicode char U+200C (decimal 8204)
   defining Unicode char U+2026 (decimal 8230)
   defining Unicode char U+2122 (decimal 8482)
   defining Unicode char U+2423 (decimal 9251)
))
("C:\Program Files\MiKTeX 2.9\tex\latex\oberdiek\epstopdf.sty"
Package: epstopdf 2016/05/15 v2.6 Conversion with epstopdf on the fly (HO)

("C:\Program Files\MiKTeX 2.9\tex\latex\oberdiek\epstopdf-base.sty"
Package: epstopdf-base 2016/05/15 v2.6 Base part for package epstopdf

("C:\Program Files\MiKTeX 2.9\tex\latex\oberdiek\grfext.sty"
Package: grfext 2016/05/16 v1.2 Manage graphics extensions (HO)

("C:\Program Files\MiKTeX 2.9\tex\generic\oberdiek\kvdefinekeys.sty"
Package: kvdefinekeys 2016/05/16 v1.4 Define keys (HO)
))
("C:\Program Files\MiKTeX 2.9\tex\latex\oberdiek\kvoptions.sty"
Package: kvoptions 2016/05/16 v3.12 Key value format for package options (HO)

("C:\Program Files\MiKTeX 2.9\tex\generic\oberdiek\kvsetkeys.sty"
Package: kvsetkeys 2016/05/16 v1.17 Key value parser (HO)

("C:\Program Files\MiKTeX 2.9\tex\generic\oberdiek\etexcmds.sty"
Package: etexcmds 2016/05/16 v1.6 Avoid name clashes with e-TeX commands (HO)

("C:\Program Files\MiKTeX 2.9\tex\generic\oberdiek\ifluatex.sty"
Package: ifluatex 2016/05/16 v1.4 Provides the ifluatex switch (HO)
Package ifluatex Info: LuaTeX not detected.
)
Package etexcmds Info: Could not find \expanded.
(etexcmds)             That can mean that you are not using pdfTeX 1.50 or
(etexcmds)             that some package has redefined \expanded.
(etexcmds)             In the latter case, load this package earlier.
)))
("C:\Program Files\MiKTeX 2.9\tex\generic\oberdiek\pdftexcmds.sty"
Package: pdftexcmds 2016/05/21 v0.22 Utility functions of pdfTeX for LuaTeX (HO
)
Package pdftexcmds Info: LuaTeX not detected.
Package pdftexcmds Info: \pdf@primitive is available.
Package pdftexcmds Info: \pdf@ifprimitive is available.
Package pdftexcmds Info: \pdfdraftmode found.
)
Package epstopdf-base Info: Redefining graphics rule for `.eps' on input line 4
38.
Package grfext Info: Graphics extension search list:
(grfext)             [.png,.pdf,.jpg,.mps,.jpeg,.jbig2,.jb2,.PNG,.PDF,.JPG,.JPE
G,.JBIG2,.JB2,.eps]
(grfext)             \AppendGraphicsExtensions on input line 456.
))
(C:\Users\N\AppData\Roaming\MiKTeX\2.9\tex\latex\siunitx\siunitx.sty
(C:\Users\N\AppData\Roaming\MiKTeX\2.9\tex\latex\l3kernel\expl3.sty
Package: expl3 2016/05/18 v6512 L3 programming layer (loader) 

(C:\Users\N\AppData\Roaming\MiKTeX\2.9\tex\latex\l3kernel\expl3-code.tex
Package: expl3 2016/05/18 v6512 L3 programming layer (code)
L3 Module: l3bootstrap 2016/02/12 v6412 L3 Bootstrap code
L3 Module: l3names 2016/03/11 v6433 L3 Namespace for primitives
L3 Module: l3basics 2015/11/22 v6315 L3 Basic definitions
L3 Module: l3expan 2015/09/10 v5983 L3 Argument expansion
L3 Module: l3tl 2016/03/26 v6465 L3 Token lists
L3 Module: l3str 2016/03/24 v6441 L3 Strings
L3 Module: l3seq 2015/08/05 v5777 L3 Sequences and stacks
L3 Module: l3int 2016/03/24 v6441 L3 Integers
\c_max_int=\count121
\l_tmpa_int=\count122
\l_tmpb_int=\count123
\g_tmpa_int=\count124
\g_tmpb_int=\count125
L3 Module: l3quark 2015/08/17 v5855 L3 Quarks
L3 Module: l3prg 2015/11/01 v6216 L3 Control structures
\g__prg_map_int=\count126
L3 Module: l3clist 2015/09/02 v5901 L3 Comma separated lists
L3 Module: l3token 2016/04/03 v6470 L3 Experimental token manipulation
L3 Module: l3prop 2016/01/05 v6366 L3 Property lists
L3 Module: l3msg 2016/03/26 v6464 L3 Messages
L3 Module: l3file 2016/03/25 v6458 L3 File and I/O operations
\l_iow_line_count_int=\count127
\l__iow_target_count_int=\count128
\l__iow_current_line_int=\count129
\l__iow_current_word_int=\count130
\l__iow_current_indentation_int=\count131
L3 Module: l3skip 2016/01/05 v6366 L3 Dimensions and skips
\c_zero_dim=\dimen156
\c_max_dim=\dimen157
\l_tmpa_dim=\dimen158
\l_tmpb_dim=\dimen159
\g_tmpa_dim=\dimen160
\g_tmpb_dim=\dimen161
\c_zero_skip=\skip62
\c_max_skip=\skip63
\l_tmpa_skip=\skip64
\l_tmpb_skip=\skip65
\g_tmpa_skip=\skip66
\g_tmpb_skip=\skip67
\c_zero_muskip=\muskip12
\c_max_muskip=\muskip13
\l_tmpa_muskip=\muskip14
\l_tmpb_muskip=\muskip15
\g_tmpa_muskip=\muskip16
\g_tmpb_muskip=\muskip17
L3 Module: l3keys 2015/11/17 v6284 L3 Key-value interfaces
\g__keyval_level_int=\count132
\l_keys_choice_int=\count133
L3 Module: l3fp 2016/03/26 v6465 L3 Floating points
\c__fp_leading_shift_int=\count134
\c__fp_middle_shift_int=\count135
\c__fp_trailing_shift_int=\count136
\c__fp_big_leading_shift_int=\count137
\c__fp_big_middle_shift_int=\count138
\c__fp_big_trailing_shift_int=\count139
\c__fp_Bigg_leading_shift_int=\count140
\c__fp_Bigg_middle_shift_int=\count141
\c__fp_Bigg_trailing_shift_int=\count142
L3 Module: l3box 2015/08/09 v5822 L3 Experimental boxes
\c_empty_box=\box35
\l_tmpa_box=\box36
\l_tmpb_box=\box37
\g_tmpa_box=\box38
\g_tmpb_box=\box39
L3 Module: l3coffins 2016/05/17 v6508 L3 Coffin code layer
\l__coffin_internal_box=\box40
\l__coffin_internal_dim=\dimen162
\l__coffin_offset_x_dim=\dimen163
\l__coffin_offset_y_dim=\dimen164
\l__coffin_x_dim=\dimen165
\l__coffin_y_dim=\dimen166
\l__coffin_x_prime_dim=\dimen167
\l__coffin_y_prime_dim=\dimen168
\c_empty_coffin=\box41
\l__coffin_aligned_coffin=\box42
\l__coffin_aligned_internal_coffin=\box43
\l_tmpa_coffin=\box44
\l_tmpb_coffin=\box45
\l__coffin_display_coffin=\box46
\l__coffin_display_coord_coffin=\box47
\l__coffin_display_pole_coffin=\box48
\l__coffin_display_offset_dim=\dimen169
\l__coffin_display_x_dim=\dimen170
\l__coffin_display_y_dim=\dimen171
L3 Module: l3color 2014/08/23 v5354 L3 Experimental color support
L3 Module: l3sys 2015/09/25 v6087 L3 Experimental system/runtime functions
L3 Module: l3candidates 2016/05/13 v6484 L3 Experimental additions to l3kernel
\l__box_top_dim=\dimen172
\l__box_bottom_dim=\dimen173
\l__box_left_dim=\dimen174
\l__box_right_dim=\dimen175
\l__box_top_new_dim=\dimen176
\l__box_bottom_new_dim=\dimen177
\l__box_left_new_dim=\dimen178
\l__box_right_new_dim=\dimen179
\l__box_internal_box=\box49
\l__coffin_bounding_shift_dim=\dimen180
\l__coffin_left_corner_dim=\dimen181
\l__coffin_right_corner_dim=\dimen182
\l__coffin_bottom_corner_dim=\dimen183
\l__coffin_top_corner_dim=\dimen184
\l__coffin_scaled_total_height_dim=\dimen185
\l__coffin_scaled_width_dim=\dimen186
L3 Module: l3luatex 2016/03/26 v6465 L3 Experimental LuaTeX-specific functions
)
(C:\Users\N\AppData\Roaming\MiKTeX\2.9\tex\latex\l3kernel\l3pdfmode.def
File: l3pdfmode.def 2016/03/26 v6465 L3 Experimental driver: PDF mode
\l__driver_color_stack_int=\count143
\l__driver_tmp_box=\box50
))
(C:\Users\N\AppData\Roaming\MiKTeX\2.9\tex\latex\l3packages\xparse\xparse.sty
Package: xparse 2016/05/18 v6512 L3 Experimental document command parser
\l__xparse_current_arg_int=\count144
\l__xparse_m_args_int=\count145
\l__xparse_mandatory_args_int=\count146
\l__xparse_processor_int=\count147
\l__xparse_v_nesting_int=\count148
)
Package: siunitx 2016/03/01 v2.6q A comprehensive (SI) units package

(C:\Users\N\AppData\Roaming\MiKTeX\2.9\tex\latex\l3packages\l3keys2e\l3keys2e.s
ty
Package: l3keys2e 2016/05/18 v6512 LaTeX2e option processing using LaTeX3 keys
)
\l__siunitx_tmp_box=\box51
\l__siunitx_tmp_dim=\dimen187
\l__siunitx_tmp_int=\count149
\l__siunitx_number_mantissa_length_int=\count150
\l__siunitx_number_uncert_length_int=\count151
\l__siunitx_round_int=\count152
\l__siunitx_process_decimal_int=\count153
\l__siunitx_process_uncertainty_int=\count154
\l__siunitx_process_fixed_int=\count155
\l__siunitx_process_integer_min_int=\count156
\l__siunitx_process_precision_int=\count157
\l__siunitx_group_min_int=\count158
\l__siunitx_angle_marker_box=\box52
\l__siunitx_angle_unit_box=\box53
\l__siunitx_angle_marker_dim=\dimen188
\l__siunitx_angle_unit_dim=\dimen189
\l__siunitx_unit_int=\count159
\l__siunitx_unit_denominator_int=\count160
\l__siunitx_unit_numerator_int=\count161
\l__siunitx_unit_prefix_int=\count162
\l__siunitx_unit_prefix_base_int=\count163
\l__siunitx_unit_prefix_gram_int=\count164
\l__siunitx_number_product_int=\count165
\c__siunitx_one_fill_skip=\skip68
\l__siunitx_table_unit_align_skip=\skip69
\l__siunitx_table_exponent_dim=\dimen190
\l__siunitx_table_integer_dim=\dimen191
\l__siunitx_table_mantissa_dim=\dimen192
\l__siunitx_table_marker_dim=\dimen193
\l__siunitx_table_result_dim=\dimen194
\l__siunitx_table_uncert_dim=\dimen195
\l__siunitx_table_fill_pre_dim=\dimen196
\l__siunitx_table_fill_post_dim=\dimen197
\l__siunitx_table_fill_mid_dim=\dimen198
\l__siunitx_table_pre_box=\box54
\l__siunitx_table_post_box=\box55
\l__siunitx_table_mantissa_box=\box56
\l__siunitx_table_result_box=\box57
\l__siunitx_table_number_align_skip=\skip70
\l__siunitx_table_text_align_skip=\skip71
.................................................
. LaTeX info: "xparse/define-command"
. 
. Defining command \DeclareBinaryPrefix with sig. 'mmm' on line 7218.
.................................................
.................................................
. LaTeX info: "xparse/define-command"
. 
. Defining command \DeclareSIPostPower with sig. 'mm' on line 7221.
.................................................
.................................................
. LaTeX info: "xparse/define-command"
. 
. Defining command \DeclareSIPrefix with sig. 'mmm' on line 7224.
.................................................
.................................................
. LaTeX info: "xparse/define-command"
. 
. Defining command \DeclareSIPrePower with sig. 'mm' on line 7227.
.................................................
.................................................
. LaTeX info: "xparse/define-command"
. 
. Defining command \DeclareSIQualifier with sig. 'mm' on line 7230.
.................................................
.................................................
. LaTeX info: "xparse/define-command"
. 
. Defining command \DeclareSIUnit with sig. 'O{}mm' on line 7233.
.................................................
.................................................
. LaTeX info: "xparse/define-command"
. 
. Defining command \DeclareSIUnitWithOptions with sig. 'mmm' on line 7236.
.................................................
.................................................
. LaTeX info: "xparse/define-command"
. 
. Defining command \ang with sig. 'o>{\SplitArgument {2}{;}}m' on line 7251.
.................................................
.................................................
. LaTeX info: "xparse/define-command"
. 
. Defining command \num with sig. 'om' on line 7260.
.................................................
.................................................
. LaTeX info: "xparse/define-command"
. 
. Defining command \numlist with sig. 'o>{\SplitList {;}}m' on line 7269.
.................................................
.................................................
. LaTeX info: "xparse/define-command"
. 
. Defining command \numrange with sig. 'omm' on line 7278.
.................................................
.................................................
. LaTeX info: "xparse/define-command"
. 
. Defining command \SIlist with sig. 'o>{\SplitList {;}}mm' on line 7290.
.................................................
.................................................
. LaTeX info: "xparse/define-command"
. 
. Defining command \SIrange with sig. 'ommm' on line 7302.
.................................................
.................................................
. LaTeX info: "xparse/define-command"
. 
. Defining command \SI with sig. 'omom' on line 7314.
.................................................
.................................................
. LaTeX info: "xparse/define-command"
. 
. Defining command \sisetup with sig. 'm' on line 7317.
.................................................
.................................................
. LaTeX info: "xparse/define-command"
. 
. Defining command \tablenum with sig. 'om' on line 7332.
.................................................
.................................................
. LaTeX info: "xparse/define-command"
. 
. Defining command \si with sig. 'om' on line 7344.
.................................................
.................................................
. LaTeX info: "xparse/define-command"
. 
. Defining command \__siunitx_bookmark_num:w with sig. 'om' on line 7391.
.................................................
.................................................
. LaTeX info: "xparse/define-command"
. 
. Defining command \__siunitx_bookmark_numrange:w with sig. 'omm' on line
. 7393.
.................................................
.................................................
. LaTeX info: "xparse/define-command"
. 
. Defining command \__siunitx_bookmark_SI:w with sig. 'omom' on line 7395.
.................................................
.................................................
. LaTeX info: "xparse/define-command"
. 
. Defining command \__siunitx_bookmark_SIlist:w with sig. 'omm' on line 7397.
.................................................
.................................................
. LaTeX info: "xparse/define-command"
. 
. Defining command \__siunitx_bookmark_SIrange:w with sig. 'ommm' on line
. 7399.
.................................................
.................................................
. LaTeX info: "xparse/define-command"
. 
. Defining command \__siunitx_bookmark_si:w with sig. 'om' on line 7400.
.................................................
\g__file_internal_ior=\read1

(C:\Users\N\AppData\Roaming\MiKTeX\2.9\tex\latex\beamer\base\translator\transla
tor.sty
Package: translator 2010/06/12 ver 1.10

(C:\Users\N\AppData\Roaming\MiKTeX\2.9\tex\latex\beamer\base\translator\transla
tor-language-mappings.tex)))
("C:\Program Files\MiKTeX 2.9\tex\latex\hyperref\hyperref.sty"
Package: hyperref 2016/05/21 v6.83p Hypertext links for LaTeX

("C:\Program Files\MiKTeX 2.9\tex\generic\oberdiek\hobsub-hyperref.sty"
Package: hobsub-hyperref 2016/05/16 v1.14 Bundle oberdiek, subset hyperref (HO)


("C:\Program Files\MiKTeX 2.9\tex\generic\oberdiek\hobsub-generic.sty"
Package: hobsub-generic 2016/05/16 v1.14 Bundle oberdiek, subset generic (HO)
Package: hobsub 2016/05/16 v1.14 Construct package bundles (HO)
Package hobsub Info: Skipping package `infwarerr' (already loaded).
Package hobsub Info: Skipping package `ltxcmds' (already loaded).
Package hobsub Info: Skipping package `ifluatex' (already loaded).
Package hobsub Info: Skipping package `ifvtex' (already loaded).
Package: intcalc 2016/05/16 v1.2 Expandable calculations with integers (HO)
Package hobsub Info: Skipping package `ifpdf' (already loaded).
Package hobsub Info: Skipping package `etexcmds' (already loaded).
Package hobsub Info: Skipping package `kvsetkeys' (already loaded).
Package hobsub Info: Skipping package `kvdefinekeys' (already loaded).
Package hobsub Info: Skipping package `pdftexcmds' (already loaded).
Package: pdfescape 2016/05/16 v1.14 Implements pdfTeX's escape features (HO)
Package: bigintcalc 2016/05/16 v1.4 Expandable calculations on big integers (HO
)
Package: bitset 2016/05/16 v1.2 Handle bit-vector datatype (HO)
Package: uniquecounter 2016/05/16 v1.3 Provide unlimited unique counter (HO)
)
Package hobsub Info: Skipping package `hobsub' (already loaded).
Package: letltxmacro 2016/05/16 v1.5 Let assignment for LaTeX macros (HO)
Package: hopatch 2016/05/16 v1.3 Wrapper for package hooks (HO)
Package: xcolor-patch 2016/05/16 xcolor patch
Package: atveryend 2016/05/16 v1.9 Hooks at the very end of document (HO)
Package atveryend Info: \enddocument detected (standard20110627).
Package: atbegshi 2016/06/09 v1.18 At begin shipout hook (HO)
Package: refcount 2016/05/16 v3.5 Data extraction from label references (HO)
Package: hycolor 2016/05/16 v1.8 Color options for hyperref/bookmark (HO)
)
("C:\Program Files\MiKTeX 2.9\tex\latex\oberdiek\auxhook.sty"
Package: auxhook 2016/05/16 v1.4 Hooks for auxiliary files (HO)
)
\@linkdim=\dimen199
\Hy@linkcounter=\count166
\Hy@pagecounter=\count167

("C:\Program Files\MiKTeX 2.9\tex\latex\hyperref\pd1enc.def"
File: pd1enc.def 2016/05/21 v6.83p Hyperref: PDFDocEncoding definition (HO)
Now handling font encoding PD1 ...
... no UTF-8 mapping file for font encoding PD1
)
\Hy@SavedSpaceFactor=\count168

("C:\Program Files\MiKTeX 2.9\tex\latex\00miktex\hyperref.cfg"
File: hyperref.cfg 2002/06/06 v1.2 hyperref configuration of TeXLive
)
Package hyperref Info: Hyper figures OFF on input line 4486.
Package hyperref Info: Link nesting OFF on input line 4491.
Package hyperref Info: Hyper index ON on input line 4494.
Package hyperref Info: Plain pages OFF on input line 4501.
Package hyperref Info: Backreferencing OFF on input line 4506.
Package hyperref Info: Implicit mode ON; LaTeX internals redefined.
Package hyperref Info: Bookmarks ON on input line 4735.
\c@Hy@tempcnt=\count169
LaTeX Info: Redefining \url on input line 5088.
\XeTeXLinkMargin=\dimen256
\Fld@menulength=\count170
\Field@Width=\dimen257
\Fld@charsize=\dimen258
Package hyperref Info: Hyper figures OFF on input line 6342.
Package hyperref Info: Link nesting OFF on input line 6347.
Package hyperref Info: Hyper index ON on input line 6350.
Package hyperref Info: backreferencing OFF on input line 6357.
Package hyperref Info: Link coloring OFF on input line 6362.
Package hyperref Info: Link coloring with OCG OFF on input line 6367.
Package hyperref Info: PDF/A mode OFF on input line 6372.
LaTeX Info: Redefining \ref on input line 6412.
LaTeX Info: Redefining \pageref on input line 6416.
\Hy@abspage=\count171
\c@Item=\count172
\c@Hfootnote=\count173
)

Package hyperref Message: Driver (autodetected): hpdftex.

("C:\Program Files\MiKTeX 2.9\tex\latex\hyperref\hpdftex.def"
File: hpdftex.def 2016/05/21 v6.83p Hyperref driver for pdfTeX
\Fld@listcount=\count174
\c@bookmark@seq@number=\count175

("C:\Program Files\MiKTeX 2.9\tex\latex\oberdiek\rerunfilecheck.sty"
Package: rerunfilecheck 2016/05/16 v1.8 Rerun checks for auxiliary files (HO)
Package uniquecounter Info: New unique counter `rerunfilecheck' on input line 2
82.
)
\Hy@SectionHShift=\skip72
)
Package hyperref Info: Option `colorlinks' set `true' on input line 26.

("C:\Program Files\MiKTeX 2.9\tex\latex\oberdiek\hypcap.sty"
Package: hypcap 2016/05/16 v1.12 Adjusting the anchors of captions (HO)
)
("C:\Program Files\MiKTeX 2.9\tex\latex\tools\tabularx.sty"
Package: tabularx 2016/02/03 v2.11 `tabularx' package (DPC)
\TX@col@width=\dimen259
\TX@old@table=\dimen260
\TX@old@col=\dimen261
\TX@target=\dimen262
\TX@delta=\dimen263
\TX@cols=\count176
\TX@ftn=\toks34
)
(C:\Users\N\AppData\Roaming\MiKTeX\2.9\tex\latex\ms\ragged2e.sty
Package: ragged2e 2009/05/21 v2.1 ragged2e Package (MS)

(C:\Users\N\AppData\Roaming\MiKTeX\2.9\tex\latex\ms\everysel.sty
Package: everysel 2011/10/28 v1.2 EverySelectfont Package (MS)
)
\CenteringLeftskip=\skip73
\RaggedLeftLeftskip=\skip74
\RaggedRightLeftskip=\skip75
\CenteringRightskip=\skip76
\RaggedLeftRightskip=\skip77
\RaggedRightRightskip=\skip78
\CenteringParfillskip=\skip79
\RaggedLeftParfillskip=\skip80
\RaggedRightParfillskip=\skip81
\JustifyingParfillskip=\skip82
\CenteringParindent=\skip83
\RaggedLeftParindent=\skip84
\RaggedRightParindent=\skip85
\JustifyingParindent=\skip86
)
("C:\Program Files\MiKTeX 2.9\tex\latex\float\float.sty"
Package: float 2001/11/08 v1.3d Float enhancements (AL)
\c@float@type=\count177
\float@exts=\toks35
\float@box=\box58
\@float@everytoks=\toks36
\@floatcapt=\box59
) (SAUC_103.aux)
\openout1 = `SAUC_103.aux'.

LaTeX Font Info:    Checking defaults for OML/cmm/m/it on input line 68.
LaTeX Font Info:    ... okay on input line 68.
LaTeX Font Info:    Checking defaults for T1/cmr/m/n on input line 68.
LaTeX Font Info:    ... okay on input line 68.
LaTeX Font Info:    Checking defaults for OT1/cmr/m/n on input line 68.
LaTeX Font Info:    ... okay on input line 68.
LaTeX Font Info:    Checking defaults for OMS/cmsy/m/n on input line 68.
LaTeX Font Info:    ... okay on input line 68.
LaTeX Font Info:    Checking defaults for OMX/cmex/m/n on input line 68.
LaTeX Font Info:    ... okay on input line 68.
LaTeX Font Info:    Checking defaults for U/cmr/m/n on input line 68.
LaTeX Font Info:    ... okay on input line 68.
LaTeX Font Info:    Checking defaults for TS1/cmr/m/n on input line 68.
LaTeX Font Info:    Try loading font information for TS1+cmr on input line 68.

("C:\Program Files\MiKTeX 2.9\tex\latex\base\ts1cmr.fd"
File: ts1cmr.fd 2014/09/29 v2.5h Standard LaTeX font definitions
)
LaTeX Font Info:    ... okay on input line 68.
LaTeX Font Info:    Checking defaults for PD1/pdf/m/n on input line 68.
LaTeX Font Info:    ... okay on input line 68.

(C:\Users\N\AppData\Roaming\MiKTeX\2.9\tex\context\base\supp-pdf.mkii
[Loading MPS to PDF converter (version 2006.09.02).]
\scratchcounter=\count178
\scratchdimen=\dimen264
\scratchbox=\box60
\nofMPsegments=\count179
\nofMParguments=\count180
\everyMPshowfont=\toks37
\MPscratchCnt=\count181
\MPscratchDim=\dimen265
\MPnumerator=\count182
\makeMPintoPDFobject=\count183
\everyMPtoPDFconversion=\toks38
)
*geometry* driver: auto-detecting
*geometry* detected driver: pdftex
*geometry* verbose mode - [ preamble ] result:
* driver: pdftex
* paper: a4paper
* layout: <same size as paper>
* layoutoffset:(h,v)=(0.0pt,0.0pt)
* modes: 
* h-part:(L,W,R)=(89.62709pt, 418.25368pt, 89.6271pt)
* v-part:(T,H,B)=(101.40665pt, 591.5302pt, 152.11pt)
* \paperwidth=597.50787pt
* \paperheight=845.04684pt
* \textwidth=418.25368pt
* \textheight=591.5302pt
* \oddsidemargin=17.3571pt
* \evensidemargin=17.3571pt
* \topmargin=-7.86334pt
* \headheight=12.0pt
* \headsep=25.0pt
* \topskip=12.0pt
* \footskip=30.0pt
* \marginparwidth=35.0pt
* \marginparsep=10.0pt
* \columnsep=10.0pt
* \skip\footins=24.0pt
* \hoffset=0.0pt
* \voffset=0.0pt
* \mag=1000
* \@twocolumnfalse
* \@twosidefalse
* \@mparswitchfalse
* \@reversemarginfalse
* (1in=72.27pt=25.4mm, 1cm=28.453pt)

Package caption Info: Begin \AtBeginDocument code.
Package caption Info: float package is loaded.
Package caption Info: hyperref package is loaded.
Package caption Info: hypcap package is loaded.
Package caption Info: End \AtBeginDocument code.

(C:\Users\N\AppData\Roaming\MiKTeX\2.9\tex\latex\beamer\base\translator\dicts\t
ranslator-basic-dictionary\translator-basic-dictionary-English.dict
Dictionary: translator-basic-dictionary, Language: English 
)
(C:\Users\N\AppData\Roaming\MiKTeX\2.9\tex\latex\siunitx\siunitx-abbreviations.
cfg
File: siunitx-abbreviations.cfg 2016/03/01 v2.6q siunitx: Abbreviated units
)
\AtBeginShipoutBox=\box61
 ("C:\Program Files\MiKTeX 2.9\tex\latex\graphics\color.sty"
Package: color 2016/06/02 v1.1d Standard LaTeX Color (DPC)
LaTeX Info: Redefining \color on input line 86.

("C:\Program Files\MiKTeX 2.9\tex\latex\00miktex\color.cfg"
File: color.cfg 2016/01/02 v1.6 sample color configuration
)
Package color Info: Driver file: pdftex.def on input line 147.
)
Package hyperref Info: Link coloring ON on input line 68.

("C:\Program Files\MiKTeX 2.9\tex\latex\hyperref\nameref.sty"
Package: nameref 2016/05/21 v2.44 Cross-referencing by name of section

("C:\Program Files\MiKTeX 2.9\tex\generic\oberdiek\gettitlestring.sty"
Package: gettitlestring 2016/05/16 v1.5 Cleanup title references (HO)
)
\c@section@level=\count184
)
LaTeX Info: Redefining \ref on input line 68.
LaTeX Info: Redefining \pageref on input line 68.
LaTeX Info: Redefining \nameref on input line 68.

(SAUC_103.out) (SAUC_103.out)
\@outlinefile=\write4
\openout4 = `SAUC_103.out'.

 ABD: EverySelectfont initializing macros
LaTeX Info: Redefining \selectfont on input line 68.
\c__siunitx_mathsf_int=\count185
LaTeX Font Info:    Try loading font information for U+msa on input line 68.

("C:\Program Files\MiKTeX 2.9\tex\latex\amsfonts\umsa.fd"
File: umsa.fd 2013/01/14 v3.01 AMS symbols A
)
LaTeX Font Info:    Try loading font information for U+msb on input line 68.

("C:\Program Files\MiKTeX 2.9\tex\latex\amsfonts\umsb.fd"
File: umsb.fd 2013/01/14 v3.01 AMS symbols B
)
LaTeX Font Info:    Try loading font information for U+rsfs on input line 68.

("C:\Program Files\MiKTeX 2.9\tex\latex\jknappen\ursfs.fd"
File: ursfs.fd 1998/03/24 rsfs font definition file (jk)
)
\c__siunitx_mathtt_int=\count186

Underfull \hbox (badness 10000) in paragraph at lines 99--102

 []

(0_Introduction/Intro.tex
Overfull \hbox (2.61108pt too wide) has occurred while \output is active
[] 
 []

[1


{C:/Users/N/AppData/Local/MiKTeX/2.9/pdftex/config/pdftex.map}]
Underfull \hbox (badness 10000) in paragraph at lines 35--35
[]|\OT1/cmr/m/n/6 BTC, USD/EUR, USD/GBP,
 []


Underfull \hbox (badness 10000) in paragraph at lines 35--35
[]|\OT1/cmr/m/n/6 2010-2015,
 []


Underfull \hbox (badness 10000) in paragraph at lines 35--35
[]|\OT1/cmr/m/n/6 BTC, Fed-eral funds rate,
 []


Underfull \hbox (badness 10000) in paragraph at lines 35--35
\OT1/cmr/m/n/6 USD/EUR, USD/GBP, FTSE
 []


Underfull \hbox (badness 10000) in paragraph at lines 35--35
[]|\OT1/cmr/m/n/6 2010-2015,
 []


Underfull \hbox (badness 4454) in paragraph at lines 35--35
[]|[][]\OT1/cmr/m/n/6 Bariviera et al.[][]
 []


Underfull \hbox (badness 10000) in paragraph at lines 35--35
[]|\OT1/cmr/m/n/6 2011-2017,
 []


Underfull \hbox (badness 10000) in paragraph at lines 35--35
\OT1/cmr/m/n/6 daily data.
 []


Underfull \hbox (badness 10000) in paragraph at lines 35--35
\OT1/cmr/m/n/6 2013-2016,
 []


Underfull \hbox (badness 10000) in paragraph at lines 35--35
\OT1/cmr/m/n/6 in-tra-day
 []


Underfull \hbox (badness 10000) in paragraph at lines 35--35
[]|\OT1/cmr/m/n/6 BTC, Fed-eral funds rate,
 []


Underfull \hbox (badness 10000) in paragraph at lines 35--35
\OT1/cmr/m/n/6 USD/EUR, USD/GBP, FTSE
 []


Underfull \hbox (badness 10000) in paragraph at lines 35--35
[]|\OT1/cmr/m/n/6 2010-2015,
 []


Underfull \hbox (badness 5924) in paragraph at lines 35--35
[]|[][]\OT1/cmr/m/n/6 Caporale et al.[][]
 []


Underfull \hbox (badness 10000) in paragraph at lines 35--35
[]|\OT1/cmr/m/n/6 2013-2017,
 []


Underfull \hbox (badness 10000) in paragraph at lines 35--35
[]|[][]\OT1/cmr/m/n/6 Hardle et al.[][]
 []


Underfull \hbox (badness 10000) in paragraph at lines 35--35
[]|\OT1/cmr/m/n/6 2016-2018,
 []


Underfull \hbox (badness 10000) in paragraph at lines 35--35
[]|[][]\OT1/cmr/m/n/6 Henriques and
 []


Underfull \hbox (badness 3690) in paragraph at lines 35--35
[]|\OT1/cmr/m/n/6 BTC and five ex-change traded
 []


Underfull \hbox (badness 10000) in paragraph at lines 35--35
[]|\OT1/cmr/m/n/6 2011-2017,
 []


Underfull \hbox (badness 10000) in paragraph at lines 35--35
[]|[][]\OT1/cmr/m/n/6 Jiang et al.[][]
 []


Underfull \hbox (badness 10000) in paragraph at lines 35--35
[]|\OT1/cmr/m/n/6 2010-2017,
 []


Underfull \hbox (badness 10000) in paragraph at lines 35--35
[]|\OT1/cmr/m/n/6 2011-2017,
 []


Underfull \hbox (badness 10000) in paragraph at lines 35--35
[]|[][]\OT1/cmr/m/n/6 Selmi et al.[][]
 []


Underfull \hbox (badness 10000) in paragraph at lines 35--35
[]|\OT1/cmr/m/n/6 2011-2017,
 []


Underfull \hbox (badness 10000) in paragraph at lines 35--35
[]|[][]\OT1/cmr/m/n/6 Stosic et al.[][]
 []


Underfull \hbox (badness 10000) in paragraph at lines 35--35
[]|\OT1/cmr/m/n/6 2016-2017,
 []


Underfull \hbox (badness 10000) in paragraph at lines 35--35
[]|\OT1/cmr/m/n/6 2014-2016,
 []


Underfull \hbox (badness 10000) in paragraph at lines 35--35
\OT1/cmr/m/n/6 in-tra-day
 []


Underfull \hbox (badness 10000) in paragraph at lines 35--35
[]|\OT1/cmr/m/n/6 2010-2016,
 []


Underfull \hbox (badness 10000) in paragraph at lines 35--35
[]|\OT1/cmr/m/n/6 2017, daily
 []


Underfull \hbox (badness 10000) in paragraph at lines 35--35
[]|[][]\OT1/cmr/m/n/6 Zhang et al.[][]
 []


Underfull \hbox (badness 10000) in paragraph at lines 35--35
[]|\OT1/cmr/m/n/6 2013-2018,
 []


Underfull \hbox (badness 1577) in paragraph at lines 35--35
\OT1/cmr/m/n/6 lion, the CBOE volatil-ity in-dex
 []


Underfull \hbox (badness 5970) in paragraph at lines 35--35
\OT1/cmr/m/n/6 (VIX), the S&P400 com-mod-ity
 []


Underfull \hbox (badness 10000) in paragraph at lines 35--35
[]|\OT1/cmr/m/n/6 2017-2018,
 []


Underfull \hbox (badness 3250) in paragraph at lines 35--35
[]|\OT1/cmr/m/n/6 Cryptocurrencies ex-hibit large and volatile re-turn
 []


Underfull \hbox (badness 10000) in alignment at lines 35--35
[][][][] 
 []

[2]
Overfull \vbox (4.03583pt too high) has occurred while \output is active []


[3]) (1_Methodology/Meth.tex [4] [5]

Package amsmath Warning: Foreign command \atop;
(amsmath)                \frac or \genfrac should be used instead
(amsmath)                 on input line 17.


Overfull \hbox (14.32411pt too wide) in paragraph at lines 17--19
[]\OT1/cmr/m/n/12 The mul-ti-di-men-sional dataset used for tax-on-omy is the m
a-trix $\OML/cmm/m/it/12 X[] \OT1/cmr/m/n/12 = [][] \OMS/cmsy/m/n/12 2
 []

[6] [7] [8] [9]) (2_DataResults/Data.tex [10]
Overfull \hbox (2.43332pt too wide) detected at line 14
 
 []

<Fig/figure_1.png, id=293, 500.62032pt x 499.8675pt>
File: Fig/figure_1.png Graphic file (type png)
 <use Fig/figure_1.png>
Package pdftex.def Info: Fig/figure_1.png used on input line 23.
(pdftex.def)             Requested size: 209.12683pt x 208.81406pt.

[11] [12 <./Fig/figure_1.png>]
Package epstopdf Info: Source file: <Fig/figure_2.eps>
(epstopdf)                    date: 2019-04-03 16:14:50
(epstopdf)                    size: 43043 bytes
(epstopdf)             Output file: <Fig/figure_2-eps-converted-to.pdf>
(epstopdf)                    date: 2019-04-03 16:16:28
(epstopdf)                    size: 15859 bytes
(epstopdf)             Command: <epstopdf --outfile=Fig/figure_2-eps-converted-
to.pdf Fig/figure_2.eps>
(epstopdf)             \includegraphics on input line 44.
Package epstopdf Info: Output file is already uptodate.


pdfTeX warning: pdflatex.exe (file ./Fig/figure_2-eps-converted-to.pdf): PDF in
clusion: found PDF version <1.7>, but at most version <1.5> allowed
<Fig/figure_2-eps-converted-to.pdf, id=314, 421.575pt x 316.18124pt>
File: Fig/figure_2-eps-converted-to.pdf Graphic file (type pdf)

<use Fig/figure_2-eps-converted-to.pdf>
Package pdftex.def Info: Fig/figure_2-eps-converted-to.pdf used on input line 4
4.
(pdftex.def)             Requested size: 217.4937pt x 163.12221pt.
Package epstopdf Info: Source file: <Fig/figure_3.eps>
(epstopdf)                    date: 2019-04-03 16:15:42
(epstopdf)                    size: 16803 bytes
(epstopdf)             Output file: <Fig/figure_3-eps-converted-to.pdf>
(epstopdf)                    date: 2019-04-03 16:16:30
(epstopdf)                    size: 6062 bytes
(epstopdf)             Command: <epstopdf --outfile=Fig/figure_3-eps-converted-
to.pdf Fig/figure_3.eps>
(epstopdf)             \includegraphics on input line 50.
Package epstopdf Info: Output file is already uptodate.


pdfTeX warning: pdflatex.exe (file ./Fig/figure_3-eps-converted-to.pdf): PDF in
clusion: found PDF version <1.7>, but at most version <1.5> allowed
<Fig/figure_3-eps-converted-to.pdf, id=317, 421.575pt x 316.18124pt>
File: Fig/figure_3-eps-converted-to.pdf Graphic file (type pdf)

<use Fig/figure_3-eps-converted-to.pdf>
Package pdftex.def Info: Fig/figure_3-eps-converted-to.pdf used on input line 5
0.
(pdftex.def)             Requested size: 221.67393pt x 166.25816pt.

Overfull \hbox (23.52504pt too wide) in paragraph at lines 42--54
[][] [] 
 []

[13 <./Fig/figure_2-eps-converted-to.pdf> <./Fig/figure_3-eps-converted-to.pdf>
] [14]
Package epstopdf Info: Source file: <Fig/figure_4.eps>
(epstopdf)                    date: 2019-04-06 15:07:30
(epstopdf)                    size: 33456 bytes
(epstopdf)             Output file: <Fig/figure_4-eps-converted-to.pdf>
(epstopdf)                    date: 2019-04-06 15:07:36
(epstopdf)                    size: 14912 bytes
(epstopdf)             Command: <epstopdf --outfile=Fig/figure_4-eps-converted-
to.pdf Fig/figure_4.eps>
(epstopdf)             \includegraphics on input line 104.
Package epstopdf Info: Output file is already uptodate.


pdfTeX warning: pdflatex.exe (file ./Fig/figure_4-eps-converted-to.pdf): PDF in
clusion: found PDF version <1.7>, but at most version <1.5> allowed
<Fig/figure_4-eps-converted-to.pdf, id=368, 421.575pt x 316.18124pt>
File: Fig/figure_4-eps-converted-to.pdf Graphic file (type pdf)

<use Fig/figure_4-eps-converted-to.pdf>
Package pdftex.def Info: Fig/figure_4-eps-converted-to.pdf used on input line 1
04.
(pdftex.def)             Requested size: 271.86234pt x 203.89915pt.
Package epstopdf Info: Source file: <Fig/figure_5a.eps>
(epstopdf)                    date: 2019-04-06 15:07:10
(epstopdf)                    size: 29902 bytes
(epstopdf)             Output file: <Fig/figure_5a-eps-converted-to.pdf>
(epstopdf)                    date: 2019-04-06 15:07:36
(epstopdf)                    size: 12117 bytes
(epstopdf)             Command: <epstopdf --outfile=Fig/figure_5a-eps-converted
-to.pdf Fig/figure_5a.eps>
(epstopdf)             \includegraphics on input line 114.
Package epstopdf Info: Output file is already uptodate.


pdfTeX warning: pdflatex.exe (file ./Fig/figure_5a-eps-converted-to.pdf): PDF i
nclusion: found PDF version <1.7>, but at most version <1.5> allowed
<Fig/figure_5a-eps-converted-to.pdf, id=371, 421.575pt x 316.18124pt>
File: Fig/figure_5a-eps-converted-to.pdf Graphic file (type pdf)

<use Fig/figure_5a-eps-converted-to.pdf>
Package pdftex.def Info: Fig/figure_5a-eps-converted-to.pdf used on input line 
114.
(pdftex.def)             Requested size: 230.04079pt x 172.53487pt.
Package epstopdf Info: Source file: <Fig/figure_5b.eps>
(epstopdf)                    date: 2019-04-06 15:31:58
(epstopdf)                    size: 75448 bytes
(epstopdf)             Output file: <Fig/figure_5b-eps-converted-to.pdf>
(epstopdf)                    date: 2019-04-06 15:32:08
(epstopdf)                    size: 48342 bytes
(epstopdf)             Command: <epstopdf --outfile=Fig/figure_5b-eps-converted
-to.pdf Fig/figure_5b.eps>
(epstopdf)             \includegraphics on input line 120.
Package epstopdf Info: Output file is already uptodate.


pdfTeX warning: pdflatex.exe (file ./Fig/figure_5b-eps-converted-to.pdf): PDF i
nclusion: found PDF version <1.7>, but at most version <1.5> allowed
<Fig/figure_5b-eps-converted-to.pdf, id=372, 421.575pt x 316.18124pt>
File: Fig/figure_5b-eps-converted-to.pdf Graphic file (type pdf)

<use Fig/figure_5b-eps-converted-to.pdf>
Package pdftex.def Info: Fig/figure_5b-eps-converted-to.pdf used on input line 
120.
(pdftex.def)             Requested size: 230.04079pt x 172.53487pt.

Overfull \hbox (44.43898pt too wide) in paragraph at lines 112--123
[][] [] 
 []

[15 <./Fig/figure_4-eps-converted-to.pdf>]
Package epstopdf Info: Source file: <Fig/figure_6a.eps>
(epstopdf)                    date: 2019-04-06 15:11:20
(epstopdf)                    size: 29889 bytes
(epstopdf)             Output file: <Fig/figure_6a-eps-converted-to.pdf>
(epstopdf)                    date: 2019-04-06 15:11:30
(epstopdf)                    size: 12189 bytes
(epstopdf)             Command: <epstopdf --outfile=Fig/figure_6a-eps-converted
-to.pdf Fig/figure_6a.eps>
(epstopdf)             \includegraphics on input line 133.
Package epstopdf Info: Output file is already uptodate.


pdfTeX warning: pdflatex.exe (file ./Fig/figure_6a-eps-converted-to.pdf): PDF i
nclusion: found PDF version <1.7>, but at most version <1.5> allowed
<Fig/figure_6a-eps-converted-to.pdf, id=387, 421.575pt x 316.18124pt>
File: Fig/figure_6a-eps-converted-to.pdf Graphic file (type pdf)

<use Fig/figure_6a-eps-converted-to.pdf>
Package pdftex.def Info: Fig/figure_6a-eps-converted-to.pdf used on input line 
133.
(pdftex.def)             Requested size: 230.04079pt x 172.53487pt.
Package epstopdf Info: Source file: <Fig/figure_6b.eps>
(epstopdf)                    date: 2019-04-06 15:36:10
(epstopdf)                    size: 78215 bytes
(epstopdf)             Output file: <Fig/figure_6b-eps-converted-to.pdf>
(epstopdf)                    date: 2019-04-06 16:18:00
(epstopdf)                    size: 47402 bytes
(epstopdf)             Command: <epstopdf --outfile=Fig/figure_6b-eps-converted
-to.pdf Fig/figure_6b.eps>
(epstopdf)             \includegraphics on input line 139.
Package epstopdf Info: Output file is already uptodate.


pdfTeX warning: pdflatex.exe (file ./Fig/figure_6b-eps-converted-to.pdf): PDF i
nclusion: found PDF version <1.7>, but at most version <1.5> allowed
<Fig/figure_6b-eps-converted-to.pdf, id=388, 421.575pt x 316.18124pt>
File: Fig/figure_6b-eps-converted-to.pdf Graphic file (type pdf)

<use Fig/figure_6b-eps-converted-to.pdf>
Package pdftex.def Info: Fig/figure_6b-eps-converted-to.pdf used on input line 
139.
(pdftex.def)             Requested size: 230.04079pt x 172.53487pt.

Overfull \hbox (44.43898pt too wide) in paragraph at lines 131--142
[][] [] 
 []

Package epstopdf Info: Source file: <Fig/figure_7a.eps>
(epstopdf)                    date: 2019-04-06 15:14:16
(epstopdf)                    size: 29900 bytes
(epstopdf)             Output file: <Fig/figure_7a-eps-converted-to.pdf>
(epstopdf)                    date: 2019-04-06 15:23:30
(epstopdf)                    size: 12236 bytes
(epstopdf)             Command: <epstopdf --outfile=Fig/figure_7a-eps-converted
-to.pdf Fig/figure_7a.eps>
(epstopdf)             \includegraphics on input line 150.
Package epstopdf Info: Output file is already uptodate.


pdfTeX warning: pdflatex.exe (file ./Fig/figure_7a-eps-converted-to.pdf): PDF i
nclusion: found PDF version <1.7>, but at most version <1.5> allowed
<Fig/figure_7a-eps-converted-to.pdf, id=394, 421.575pt x 316.18124pt>
File: Fig/figure_7a-eps-converted-to.pdf Graphic file (type pdf)

<use Fig/figure_7a-eps-converted-to.pdf>
Package pdftex.def Info: Fig/figure_7a-eps-converted-to.pdf used on input line 
150.
(pdftex.def)             Requested size: 230.04079pt x 172.53487pt.

<Fig/figure_7b.png, id=395, 526.96875pt x 395.22656pt>
File: Fig/figure_7b.png Graphic file (type png)
 <use Fig/figure_7b.png>
Package pdftex.def Info: Fig/figure_7b.png used on input line 156.
(pdftex.def)             Requested size: 230.04079pt x 172.53125pt.

Overfull \hbox (44.43898pt too wide) in paragraph at lines 148--159
[][] [] 
 []

[16 <./Fig/figure_5a-eps-converted-to.pdf> <./Fig/figure_5b-eps-converted-to.pd
f> <./Fig/figure_6a-eps-converted-to.pdf> <./Fig/figure_6b-eps-converted-to.pdf
>] [17 <./Fig/figure_7a-eps-converted-to.pdf> <./Fig/figure_7b.png>]
Overfull \hbox (5.475pt too wide) detected at line 178
 
 []


Overfull \hbox (5.475pt too wide) detected at line 178
 
 []


Overfull \hbox (5.475pt too wide) detected at line 178
 
 []


Overfull \hbox (5.475pt too wide) detected at line 178
 
 []


Overfull \hbox (5.475pt too wide) detected at line 178
 
 []


Overfull \hbox (5.475pt too wide) detected at line 179
 
 []


Overfull \hbox (5.475pt too wide) detected at line 179
 
 []


Overfull \hbox (5.475pt too wide) detected at line 179
 
 []


Overfull \hbox (5.475pt too wide) detected at line 179
 
 []


Overfull \hbox (5.475pt too wide) detected at line 179
 
 []


Overfull \hbox (5.475pt too wide) detected at line 180
 
 []


Overfull \hbox (5.475pt too wide) detected at line 180
 
 []


Overfull \hbox (5.475pt too wide) detected at line 180
 
 []


Overfull \hbox (5.475pt too wide) detected at line 180
 
 []


Overfull \hbox (5.475pt too wide) detected at line 180
 
 []


Overfull \hbox (5.475pt too wide) detected at line 181
 
 []


Overfull \hbox (5.475pt too wide) detected at line 181
 
 []


Overfull \hbox (5.475pt too wide) detected at line 181
 
 []


Overfull \hbox (5.475pt too wide) detected at line 181
 
 []


Overfull \hbox (5.475pt too wide) detected at line 181
 
 []


Overfull \hbox (5.475pt too wide) detected at line 182
 
 []


Overfull \hbox (5.475pt too wide) detected at line 182
 
 []


Overfull \hbox (5.475pt too wide) detected at line 182
 
 []


Overfull \hbox (5.475pt too wide) detected at line 182
 
 []


Overfull \hbox (5.475pt too wide) detected at line 182
 
 []


Overfull \hbox (5.475pt too wide) detected at line 183
 
 []


Overfull \hbox (5.475pt too wide) detected at line 183
 
 []


Overfull \hbox (5.475pt too wide) detected at line 183
 
 []


Overfull \hbox (5.475pt too wide) detected at line 183
 
 []


Overfull \hbox (5.475pt too wide) detected at line 183
 
 []


Overfull \hbox (5.475pt too wide) detected at line 184
 
 []


Overfull \hbox (5.475pt too wide) detected at line 184
 
 []


Overfull \hbox (5.475pt too wide) detected at line 184
 
 []


Overfull \hbox (5.475pt too wide) detected at line 184
 
 []


Overfull \hbox (5.475pt too wide) detected at line 184
 
 []


Overfull \hbox (5.475pt too wide) detected at line 185
 
 []


Overfull \hbox (5.475pt too wide) detected at line 185
 
 []


Overfull \hbox (5.475pt too wide) detected at line 185
 
 []


Overfull \hbox (5.475pt too wide) detected at line 185
 
 []


Overfull \hbox (5.475pt too wide) detected at line 185
 
 []


Overfull \hbox (5.475pt too wide) detected at line 186
 
 []


Overfull \hbox (5.475pt too wide) detected at line 186
 
 []


Overfull \hbox (5.475pt too wide) detected at line 186
 
 []


Overfull \hbox (5.475pt too wide) detected at line 186
 
 []


Overfull \hbox (5.475pt too wide) detected at line 186
 
 []


Overfull \hbox (5.475pt too wide) detected at line 187
 
 []


Overfull \hbox (5.475pt too wide) detected at line 187
 
 []


Overfull \hbox (5.475pt too wide) detected at line 187
 
 []


Overfull \hbox (5.475pt too wide) detected at line 187
 
 []


Overfull \hbox (5.475pt too wide) detected at line 187
 
 []


Overfull \hbox (5.475pt too wide) detected at line 188
 
 []


Overfull \hbox (5.475pt too wide) detected at line 188
 
 []


Overfull \hbox (5.475pt too wide) detected at line 188
 
 []


Overfull \hbox (5.475pt too wide) detected at line 188
 
 []


Overfull \hbox (5.475pt too wide) detected at line 188
 
 []


Overfull \hbox (5.475pt too wide) detected at line 189
 
 []


Overfull \hbox (5.475pt too wide) detected at line 189
 
 []


Overfull \hbox (5.475pt too wide) detected at line 189
 
 []


Overfull \hbox (5.475pt too wide) detected at line 189
 
 []


Overfull \hbox (5.475pt too wide) detected at line 189
 
 []


Overfull \hbox (5.475pt too wide) detected at line 190
 
 []


Overfull \hbox (5.475pt too wide) detected at line 190
 
 []


Overfull \hbox (5.475pt too wide) detected at line 190
 
 []


Overfull \hbox (5.475pt too wide) detected at line 190
 
 []


Overfull \hbox (5.475pt too wide) detected at line 190
 
 []


Overfull \hbox (5.475pt too wide) detected at line 191
 
 []


Overfull \hbox (5.475pt too wide) detected at line 191
 
 []


Overfull \hbox (5.475pt too wide) detected at line 191
 
 []


Overfull \hbox (5.475pt too wide) detected at line 191
 
 []


Overfull \hbox (5.475pt too wide) detected at line 191
 
 []


Overfull \hbox (5.475pt too wide) detected at line 192
 
 []


Overfull \hbox (5.475pt too wide) detected at line 192
 
 []


Overfull \hbox (5.475pt too wide) detected at line 192
 
 []


Overfull \hbox (5.475pt too wide) detected at line 192
 
 []


Overfull \hbox (5.475pt too wide) detected at line 192
 
 []


Overfull \hbox (5.475pt too wide) detected at line 193
 
 []


Overfull \hbox (5.475pt too wide) detected at line 193
 
 []


Overfull \hbox (5.475pt too wide) detected at line 193
 
 []


Overfull \hbox (5.475pt too wide) detected at line 193
 
 []


Overfull \hbox (5.475pt too wide) detected at line 193
 
 []


Overfull \hbox (5.475pt too wide) detected at line 194
 
 []


Overfull \hbox (5.475pt too wide) detected at line 194
 
 []


Overfull \hbox (5.475pt too wide) detected at line 194
 
 []


Overfull \hbox (5.475pt too wide) detected at line 194
 
 []


Overfull \hbox (5.475pt too wide) detected at line 194
 
 []


Overfull \hbox (5.475pt too wide) detected at line 195
 
 []


Overfull \hbox (5.475pt too wide) detected at line 195
 
 []


Overfull \hbox (5.475pt too wide) detected at line 195
 
 []


Overfull \hbox (5.475pt too wide) detected at line 195
 
 []


Overfull \hbox (5.475pt too wide) detected at line 195
 
 []


Overfull \hbox (5.475pt too wide) detected at line 196
 
 []


Overfull \hbox (5.475pt too wide) detected at line 196
 
 []


Overfull \hbox (5.475pt too wide) detected at line 196
 
 []


Overfull \hbox (5.475pt too wide) detected at line 196
 
 []


Overfull \hbox (5.475pt too wide) detected at line 196
 
 []


Overfull \hbox (5.475pt too wide) detected at line 197
 
 []


Overfull \hbox (5.475pt too wide) detected at line 197
 
 []


Overfull \hbox (5.475pt too wide) detected at line 197
 
 []


Overfull \hbox (5.475pt too wide) detected at line 197
 
 []


Overfull \hbox (5.475pt too wide) detected at line 197
 
 []


Overfull \hbox (5.475pt too wide) detected at line 198
 
 []


Overfull \hbox (5.475pt too wide) detected at line 198
 
 []


Overfull \hbox (5.475pt too wide) detected at line 198
 
 []


Overfull \hbox (5.475pt too wide) detected at line 198
 
 []


Overfull \hbox (5.475pt too wide) detected at line 198
 
 []


Overfull \hbox (5.475pt too wide) detected at line 199
 
 []


Overfull \hbox (5.475pt too wide) detected at line 199
 
 []


Overfull \hbox (3.04169pt too wide) detected at line 199
 
 []


Overfull \hbox (5.475pt too wide) detected at line 199
 
 []


Overfull \hbox (3.04169pt too wide) detected at line 199
 
 []


Overfull \hbox (5.475pt too wide) detected at line 199
 
 []


Overfull \hbox (5.475pt too wide) detected at line 199
 
 []


Overfull \hbox (5.475pt too wide) detected at line 200
 
 []


Overfull \hbox (5.475pt too wide) detected at line 200
 
 []


Overfull \hbox (5.475pt too wide) detected at line 200
 
 []


Overfull \hbox (5.475pt too wide) detected at line 200
 
 []


Overfull \hbox (5.475pt too wide) detected at line 200
 
 []


Overfull \hbox (2.66273pt too wide) in paragraph at lines 175--204
 [][] 
 []

[18]
Package epstopdf Info: Source file: <Fig/figure_8a.eps>
(epstopdf)                    date: 2019-04-07 15:03:58
(epstopdf)                    size: 54911 bytes
(epstopdf)             Output file: <Fig/figure_8a-eps-converted-to.pdf>
(epstopdf)                    date: 2019-04-07 15:04:24
(epstopdf)                    size: 42121 bytes
(epstopdf)             Command: <epstopdf --outfile=Fig/figure_8a-eps-converted
-to.pdf Fig/figure_8a.eps>
(epstopdf)             \includegraphics on input line 247.
Package epstopdf Info: Output file is already uptodate.


pdfTeX warning: pdflatex.exe (file ./Fig/figure_8a-eps-converted-to.pdf): PDF i
nclusion: found PDF version <1.7>, but at most version <1.5> allowed
<Fig/figure_8a-eps-converted-to.pdf, id=451, 421.575pt x 316.18124pt>
File: Fig/figure_8a-eps-converted-to.pdf Graphic file (type pdf)

<use Fig/figure_8a-eps-converted-to.pdf>
Package pdftex.def Info: Fig/figure_8a-eps-converted-to.pdf used on input line 
247.
(pdftex.def)             Requested size: 200.75996pt x 150.57361pt.
Package epstopdf Info: Source file: <Fig/figure_8b.eps>
(epstopdf)                    date: 2019-04-07 15:04:14
(epstopdf)                    size: 55683 bytes
(epstopdf)             Output file: <Fig/figure_8b-eps-converted-to.pdf>
(epstopdf)                    date: 2019-04-07 15:04:24
(epstopdf)                    size: 42135 bytes
(epstopdf)             Command: <epstopdf --outfile=Fig/figure_8b-eps-converted
-to.pdf Fig/figure_8b.eps>
(epstopdf)             \includegraphics on input line 254.
Package epstopdf Info: Output file is already uptodate.


pdfTeX warning: pdflatex.exe (file ./Fig/figure_8b-eps-converted-to.pdf): PDF i
nclusion: found PDF version <1.7>, but at most version <1.5> allowed
<Fig/figure_8b-eps-converted-to.pdf, id=452, 421.575pt x 316.18124pt>
File: Fig/figure_8b-eps-converted-to.pdf Graphic file (type pdf)

<use Fig/figure_8b-eps-converted-to.pdf>
Package pdftex.def Info: Fig/figure_8b-eps-converted-to.pdf used on input line 
254.
(pdftex.def)             Requested size: 200.75996pt x 150.57361pt.
Package epstopdf Info: Source file: <Fig/figure_9.eps>
(epstopdf)                    date: 2019-01-21 23:10:16
(epstopdf)                    size: 216164 bytes
(epstopdf)             Output file: <Fig/figure_9-eps-converted-to.pdf>
(epstopdf)                    date: 2019-04-07 15:06:14
(epstopdf)                    size: 37148 bytes
(epstopdf)             Command: <epstopdf --outfile=Fig/figure_9-eps-converted-
to.pdf Fig/figure_9.eps>
(epstopdf)             \includegraphics on input line 266.
Package epstopdf Info: Output file is already uptodate.


pdfTeX warning: pdflatex.exe (file ./Fig/figure_9-eps-converted-to.pdf): PDF in
clusion: found PDF version <1.7>, but at most version <1.5> allowed
<Fig/figure_9-eps-converted-to.pdf, id=456, 356.33125pt x 290.08376pt>
File: Fig/figure_9-eps-converted-to.pdf Graphic file (type pdf)

<use Fig/figure_9-eps-converted-to.pdf>
Package pdftex.def Info: Fig/figure_9-eps-converted-to.pdf used on input line 2
66.
(pdftex.def)             Requested size: 200.75996pt x 163.43286pt.
 [19] [20 <./Fig/figure_8a-eps-converted-to.pdf> <./Fig/figure_8b-eps-converted
-to.pdf> <./Fig/figure_9-eps-converted-to.pdf>]) (3_Evolutive_Divergence/Div.te
x
Package epstopdf Info: Source file: <Fig/figure_10a.eps>
(epstopdf)                    date: 2019-04-07 16:15:34
(epstopdf)                    size: 77903 bytes
(epstopdf)             Output file: <Fig/figure_10a-eps-converted-to.pdf>
(epstopdf)                    date: 2019-04-07 16:19:42
(epstopdf)                    size: 49912 bytes
(epstopdf)             Command: <epstopdf --outfile=Fig/figure_10a-eps-converte
d-to.pdf Fig/figure_10a.eps>
(epstopdf)             \includegraphics on input line 11.
Package epstopdf Info: Output file is already uptodate.


pdfTeX warning: pdflatex.exe (file ./Fig/figure_10a-eps-converted-to.pdf): PDF 
inclusion: found PDF version <1.7>, but at most version <1.5> allowed
<Fig/figure_10a-eps-converted-to.pdf, id=488, 421.575pt x 316.18124pt>
File: Fig/figure_10a-eps-converted-to.pdf Graphic file (type pdf)

<use Fig/figure_10a-eps-converted-to.pdf>
Package pdftex.def Info: Fig/figure_10a-eps-converted-to.pdf used on input line
 11.
(pdftex.def)             Requested size: 230.04079pt x 172.53487pt.
Package epstopdf Info: Source file: <Fig/figure_10b.eps>
(epstopdf)                    date: 2019-04-07 16:16:00
(epstopdf)                    size: 77135 bytes
(epstopdf)             Output file: <Fig/figure_10b-eps-converted-to.pdf>
(epstopdf)                    date: 2019-04-07 16:19:42
(epstopdf)                    size: 49498 bytes
(epstopdf)             Command: <epstopdf --outfile=Fig/figure_10b-eps-converte
d-to.pdf Fig/figure_10b.eps>
(epstopdf)             \includegraphics on input line 16.
Package epstopdf Info: Output file is already uptodate.


pdfTeX warning: pdflatex.exe (file ./Fig/figure_10b-eps-converted-to.pdf): PDF 
inclusion: found PDF version <1.7>, but at most version <1.5> allowed
<Fig/figure_10b-eps-converted-to.pdf, id=489, 421.575pt x 316.18124pt>
File: Fig/figure_10b-eps-converted-to.pdf Graphic file (type pdf)

<use Fig/figure_10b-eps-converted-to.pdf>
Package pdftex.def Info: Fig/figure_10b-eps-converted-to.pdf used on input line
 16.
(pdftex.def)             Requested size: 230.04079pt x 172.53487pt.

Overfull \hbox (44.43898pt too wide) in paragraph at lines 9--19
[][] [] 
 []

Package epstopdf Info: Source file: <Fig/figure_10c.eps>
(epstopdf)                    date: 2019-04-07 16:16:16
(epstopdf)                    size: 76489 bytes
(epstopdf)             Output file: <Fig/figure_10c-eps-converted-to.pdf>
(epstopdf)                    date: 2019-04-07 16:20:20
(epstopdf)                    size: 49071 bytes
(epstopdf)             Command: <epstopdf --outfile=Fig/figure_10c-eps-converte
d-to.pdf Fig/figure_10c.eps>
(epstopdf)             \includegraphics on input line 22.
Package epstopdf Info: Output file is already uptodate.


pdfTeX warning: pdflatex.exe (file ./Fig/figure_10c-eps-converted-to.pdf): PDF 
inclusion: found PDF version <1.7>, but at most version <1.5> allowed
<Fig/figure_10c-eps-converted-to.pdf, id=490, 421.575pt x 316.18124pt>
File: Fig/figure_10c-eps-converted-to.pdf Graphic file (type pdf)

<use Fig/figure_10c-eps-converted-to.pdf>
Package pdftex.def Info: Fig/figure_10c-eps-converted-to.pdf used on input line
 22.
(pdftex.def)             Requested size: 230.04079pt x 172.53487pt.
Package epstopdf Info: Source file: <Fig/figure_10d.eps>
(epstopdf)                    date: 2019-04-07 16:16:34
(epstopdf)                    size: 77168 bytes
(epstopdf)             Output file: <Fig/figure_10d-eps-converted-to.pdf>
(epstopdf)                    date: 2019-04-07 16:20:22
(epstopdf)                    size: 49060 bytes
(epstopdf)             Command: <epstopdf --outfile=Fig/figure_10d-eps-converte
d-to.pdf Fig/figure_10d.eps>
(epstopdf)             \includegraphics on input line 27.
Package epstopdf Info: Output file is already uptodate.


pdfTeX warning: pdflatex.exe (file ./Fig/figure_10d-eps-converted-to.pdf): PDF 
inclusion: found PDF version <1.7>, but at most version <1.5> allowed
<Fig/figure_10d-eps-converted-to.pdf, id=491, 421.575pt x 316.18124pt>
File: Fig/figure_10d-eps-converted-to.pdf Graphic file (type pdf)

<use Fig/figure_10d-eps-converted-to.pdf>
Package pdftex.def Info: Fig/figure_10d-eps-converted-to.pdf used on input line
 27.
(pdftex.def)             Requested size: 230.04079pt x 172.53487pt.

Overfull \hbox (44.43898pt too wide) in paragraph at lines 20--30
[][] [] 
 []

[21]
Overfull \hbox (2.97945pt too wide) in paragraph at lines 33--38
[]\OT1/cmr/m/n/12 The daily evo-lu-tion of the as-sets uni-verse, for the pe-ri
od 02/19/2016-10/16/2018
 []

[22 <./Fig/figure_10a-eps-converted-to.pdf> <./Fig/figure_10b-eps-converted-to.
pdf> <./Fig/figure_10c-eps-converted-to.pdf> <./Fig/figure_10d-eps-converted-to
.pdf>]
Package epstopdf Info: Source file: <Fig/figure_11.eps>
(epstopdf)                    date: 2019-04-07 19:23:12
(epstopdf)                    size: 75112 bytes
(epstopdf)             Output file: <Fig/figure_11-eps-converted-to.pdf>
(epstopdf)                    date: 2019-04-07 19:24:10
(epstopdf)                    size: 27118 bytes
(epstopdf)             Command: <epstopdf --outfile=Fig/figure_11-eps-converted
-to.pdf Fig/figure_11.eps>
(epstopdf)             \includegraphics on input line 52.
Package epstopdf Info: Output file is already uptodate.


pdfTeX warning: pdflatex.exe (file ./Fig/figure_11-eps-converted-to.pdf): PDF i
nclusion: found PDF version <1.7>, but at most version <1.5> allowed
<Fig/figure_11-eps-converted-to.pdf, id=544, 421.575pt x 316.18124pt>
File: Fig/figure_11-eps-converted-to.pdf Graphic file (type pdf)

<use Fig/figure_11-eps-converted-to.pdf>
Package pdftex.def Info: Fig/figure_11-eps-converted-to.pdf used on input line 
52.
(pdftex.def)             Requested size: 355.51817pt x 266.64217pt.
 [23]
Package epstopdf Info: Source file: <Fig/figure_12.eps>
(epstopdf)                    date: 2019-04-08 08:42:16
(epstopdf)                    size: 64922 bytes
(epstopdf)             Output file: <Fig/figure_12-eps-converted-to.pdf>
(epstopdf)                    date: 2019-04-08 08:44:00
(epstopdf)                    size: 10051 bytes
(epstopdf)             Command: <epstopdf --outfile=Fig/figure_12-eps-converted
-to.pdf Fig/figure_12.eps>
(epstopdf)             \includegraphics on input line 60.
Package epstopdf Info: Output file is already uptodate.


pdfTeX warning: pdflatex.exe (file ./Fig/figure_12-eps-converted-to.pdf): PDF i
nclusion: found PDF version <1.7>, but at most version <1.5> allowed
<Fig/figure_12-eps-converted-to.pdf, id=561, 421.575pt x 316.18124pt>
File: Fig/figure_12-eps-converted-to.pdf Graphic file (type pdf)

<use Fig/figure_12-eps-converted-to.pdf>
Package pdftex.def Info: Fig/figure_12-eps-converted-to.pdf used on input line 
60.
(pdftex.def)             Requested size: 355.51817pt x 266.64217pt.
 [24 <./Fig/figure_11-eps-converted-to.pdf>]) (X_Conclusion/Conc.tex
Underfull \hbox (badness 10000) in paragraph at lines 3--4

 []

[25 <./Fig/figure_12-eps-converted-to.pdf>] [26] [27]) (SAUC_103.bbl [28

]
[29

]
Underfull \hbox (badness 4792) in paragraph at lines 102--109
[]\OT1/cmr/m/n/12 A. El-Bahrawy, L. Alessan-dretti, A. Kan-dler, R. Pastor-Sato
rras, and
 []


Underfull \hbox (badness 1675) in paragraph at lines 134--139
[]\OT1/cmr/m/n/12 W. K. Hardle, C. Har-vey, and R. Reule.  Un-der-stand-ing cr
yp-tocur-ren-
 []


Underfull \hbox (badness 10000) in paragraph at lines 134--139
\OT1/cmtt/m/n/12 wiwi . hu-[]berlin . de / de / forschung / irtg / results / di
scussion-[]papers /
 []

[30] [31] [32] [33])

Package caption Warning: Unused \captionsetup[sub] on input line 22.
See the caption package documentation for explanation.

Package atveryend Info: Empty hook `BeforeClearDocument' on input line 122.
[34]
Package atveryend Info: Empty hook `AfterLastShipout' on input line 122.
 (SAUC_103.aux)
Package atveryend Info: Executing hook `AtVeryEndDocument' on input line 122.
Package atveryend Info: Executing hook `AtEndAfterFileList' on input line 122.
Package rerunfilecheck Info: File `SAUC_103.out' has not changed.
(rerunfilecheck)             Checksum: 8C245CE82020D02889734D89AF191C88;884.
Package atveryend Info: Empty hook `AtVeryVeryEnd' on input line 122.
 ) 
Here is how much of TeX's memory you used:
 19506 strings out of 493335
 361166 string characters out of 3139272
 419046 words of memory out of 3000000
 22617 multiletter control sequences out of 15000+200000
 21730 words of font info for 85 fonts, out of 3000000 for 9000
 1141 hyphenation exceptions out of 8191
 42i,16n,42p,10550b,891s stack positions out of 5000i,500n,10000p,200000b,50000s
 <C:\Users\N\AppData\Local\MiKTeX\2.9\fonts\pk\ljfour\jknappen\ec\dpi600\tcrm
0600.pk> <C:\Users\N\AppData\Local\MiKTeX\2.9\fonts\pk\ljfour\jknappen\ec\dpi60
0\tcrm1200.pk><C:/Program Files/MiKTeX 2.9/fonts/type1/public/amsfonts/cm/cmbx1
0.pfb><C:/Program Files/MiKTeX 2.9/fonts/type1/public/amsfonts/cm/cmbx12.pfb><C
:/Program Files/MiKTeX 2.9/fonts/type1/public/amsfonts/cm/cmbx8.pfb><C:/Program
 Files/MiKTeX 2.9/fonts/type1/public/amsfonts/cm/cmex10.pfb><C:/Program Files/M
iKTeX 2.9/fonts/type1/public/amsfonts/cmextra/cmex8.pfb><C:/Program Files/MiKTe
X 2.9/fonts/type1/public/amsfonts/cm/cmmi10.pfb><C:/Program Files/MiKTeX 2.9/fo
nts/type1/public/amsfonts/cm/cmmi12.pfb><C:/Program Files/MiKTeX 2.9/fonts/type
1/public/amsfonts/cm/cmmi6.pfb><C:/Program Files/MiKTeX 2.9/fonts/type1/public/
amsfonts/cm/cmmi8.pfb><C:/Program Files/MiKTeX 2.9/fonts/type1/public/amsfonts/
cm/cmmib10.pfb><C:/Program Files/MiKTeX 2.9/fonts/type1/public/amsfonts/cmextra
/cmmib8.pfb><C:/Program Files/MiKTeX 2.9/fonts/type1/public/amsfonts/cm/cmr10.p
fb><C:/Program Files/MiKTeX 2.9/fonts/type1/public/amsfonts/cm/cmr12.pfb><C:/Pr
ogram Files/MiKTeX 2.9/fonts/type1/public/amsfonts/cm/cmr17.pfb><C:/Program Fil
es/MiKTeX 2.9/fonts/type1/public/amsfonts/cm/cmr6.pfb><C:/Program Files/MiKTeX 
2.9/fonts/type1/public/amsfonts/cm/cmr8.pfb><C:/Program Files/MiKTeX 2.9/fonts/
type1/public/amsfonts/cm/cmsy10.pfb><C:/Program Files/MiKTeX 2.9/fonts/type1/pu
blic/amsfonts/cm/cmsy6.pfb><C:/Program Files/MiKTeX 2.9/fonts/type1/public/amsf
onts/cm/cmsy8.pfb><C:/Program Files/MiKTeX 2.9/fonts/type1/public/amsfonts/cm/c
mti10.pfb><C:/Program Files/MiKTeX 2.9/fonts/type1/public/amsfonts/cm/cmti12.pf
b><C:/Program Files/MiKTeX 2.9/fonts/type1/public/amsfonts/cm/cmti7.pfb><C:/Pro
gram Files/MiKTeX 2.9/fonts/type1/public/amsfonts/cm/cmtt10.pfb><C:/Program Fil
es/MiKTeX 2.9/fonts/type1/public/amsfonts/cm/cmtt12.pfb><C:/Program Files/MiKTe
X 2.9/fonts/type1/public/amsfonts/symbols/msbm10.pfb><C:/Program Files/MiKTeX 2
.9/fonts/type1/public/rsfs/rsfs10.pfb>
Output written on SAUC_103.pdf (34 pages, 979094 bytes).
PDF statistics:
 761 PDF objects out of 1000 (max. 8388607)
 127 named destinations out of 1000 (max. 500000)
 200 words of extra memory for PDF output out of 10000 (max. 10000000)

